1
 
 
 
 
                      Warning: This computer program is protected by copyright law and international treaties.       
                  Unauthorized use, reproduction or distribution of this computer program, or any portion of it, may 
                                          result in severe civil and criminal penalties.                             
                         Copyright (C) 2013 MSC Software Corporation and its licensors. All rights reserved.         
 
 
                                              * * * * * * * * * * * * * * * * * * * *
                                              * * * * * * * * * * * * * * * * * * * *
                                              * *                                 * *
                                              * *           MSC Software          * *
                                              * *               CORP              * *
                                              * *                                 * *
                                              * *      M S C   N a s t r a n      * *
                                              * *                                 * *
                                              * *                                 * *
                                              * *                                 * *
                                              * *     Version 2013.0.0-CL199358   * *
                                              * *                                 * *
                                              * *                                 * *
                                              * *                                 * *
                                              * *          MAY 30, 2013           * *
                                              * *                                 * *
                                              * *              Intel              * *
                                              * *        MODEL 386/486/586        * *
                                              * * Windows Server 2008 R2 6.1 7601 * *
                                              * *        Compiled for 8664        * *
                                              * *                                 * *
                                              * * * * * * * * * * * * * * * * * * * *
                                              * * * * * * * * * * * * * * * * * * * *
1 News file -  (June 10, 2013):
  
               Welcome to MSC Nastran 2013
  
  
   Details of the new capabilities can be found in the MSC Nastran 2013
     Release Guide available online in the installation documentation
     sub-directory.
   Additional information can be found at the MSC Nastran Product Support page:
  
      http://simcompanion.mscsoftware.com
  
  
   The support page provides links to these valuable information:
      * A searchable Knowledge Base containing examples and answers to thousands
        of frequently asked questions written by MSC Software subject-matter
        experts.
      * Peer-to-peer Discussion Forums enabling you to post questions for your
        MSC Software products and receive answers from other users worldwide.
      * A list of known issues with the product and any workarounds.
      * Instructions on how to contact technical support
      * A mechanism for sending us product feedback or enhancement requests.
      * Hardware and software requirements.
      * Examples and Tutorials
      * and much more.
  
   For information on training, please visit our Training web site
  
      http://www.mscsoftware.com/Contents/Services/Training/
  
   MSC Nastran brings powerful new features and enhancements for engineering
   solutions.
  
   The highlights for the MSC Nastran 2013 release include:
  •   HPC
     –   GPU Support for non-symmetric and complex systems encountered in
           SOL 108, SOL 109, SOL 111 and SOL 112
     –   Element Assembly Time has been Improved using Parallel Processing in
           SOL 400
     –   SOL 700 DMP Improvements for FSI applications
     –   MSC Nastran now fully utilizes the memory for All Solutions Sequences
           which reduces the amount of wall time.
     -   New methods have been introduced to Control Pivoting strategies when
           Factorizing the System of Equation, to provide a balance between
           Performance and Accuracy
  •   Acoustics
     –   Poroelastic Materials which are Frequency Dependant can be included in
           Interior Acoustic Simulation to model trim materials
  •   Durability
     –   Fatigue Simulations may be performed from within MSC Nastran for
1          SOL 101, SOL 103, SOL 112 and SOL 200
     -   There is a new User Guide fully describing this new capability
  •   Optimization
     –   Optimization may be performed using Design Life as either a Constraint
         or an Objective Function.
     –   Enhancements to Equivalent Radiated Power (ERP)
  •   Linear Analysis
     –   Enhancements to Transfer Path Analysis (TPA) to support inter-component
           forces
     -   The Definition of Loads in Dynamic Analysis has been Improved.
  •   Aeroelasticity
     –   Output enhancements with Monitor Points for SOL 146
  •   Advanced Nonlinear (SOL 400)
     –   Support for enforced relative displacement motion SPCD and SPCR
     –   Export Adams MNF files from SOL 400 for nonlinear preload
  •   Explicit Dynamics (SOL 700)
     –   1D-3D Spherical Symmetry and 2D-3D Axial Symmetry Remap for Blast Loads
     –   Support for Multiple Detonation points with varying ignition times
     –   Empirical Blast Load Models
  
  
1                                                                             APRIL  27, 2014  MSC Nastran  5/30/13   PAGE     1
                                                                                                                                    
0        N A S T R A N    F I L E    A N D    S Y S T E M    P A R A M E T E R    E C H O                                           
0                                                                                                                                   
                                                                                                                                    
                                                                                                                                    
     NASTRAN BUFFSIZE=8193 $(C:/MSC.SOFTWARE/MSC_NASTRAN/20130/CONF/NAST20130.RCF[2])
     $ **********************************************************                    
     $   E X E C U T I V E    C O N T R O L                                          
     $ **********************************************************                    
1                                                                             APRIL  27, 2014  MSC Nastran  5/30/13   PAGE     2
                                                                                                                                    
0        N A S T R A N    E X E C U T I V E    C O N T R O L    E C H O                                                             
0                                                                                                                                   
                                                                                                                                    
                                                                                                                                    
     SOL 101                                                                                 
     CEND                                                                                    
1                                                                             APRIL  27, 2014  MSC Nastran  5/30/13   PAGE     3
                                                                                                                                    
0                                                                                                                                   
0                                        C A S E    C O N T R O L    E C H O                                                        
                 COMMAND                                                                                                            
                 COUNT                                                                                                              
                  1      $ **********************************************************                            
                  2      $   C A S E    C O N T R O L                                                            
                  3      $ **********************************************************                            
                  4      ECHO = NONE                                                                             
                  5      DISP(PUNCH) = ALL                                                                       
                  6      STRESS = ALL                                                                            
                  7      FORCE = ALL                                                                             
                  8      SPCFORCES = NONE                                                                        
                  9      SUBCASE 1                                                                               
                 10         SPC = 1                                                                              
                 11         LOAD = 1                                                                             
                 12      $ **********************************************************                            
                 13      $   B U L K    D A T A                                                                  
                 14      $ **********************************************************                            
                 15      $                                                                                       
                 16      $ ---------------------------------------------                                         
                 17      $   ANALYSIS MODEL                                                                      
                 18      $ ---------------------------------------------                                         
                 19      $                                                                                       
                 20      BEGIN BULK                                                                              
1                                                                             APRIL  27, 2014  MSC Nastran  5/30/13   PAGE     4
                                                                                                                                    
0                                                                                                                                   
                                              I N P U T   B U L K   D A T A   E C H O                                               
                 ENTRY                                                                                                              
                 COUNT        .   1  ..   2  ..   3  ..   4  ..   5  ..   6  ..   7  ..   8  ..   9  ..  10  .                      
                              $INCLUDE "c:\Users\pasquale\Desktop\testProblems\svanberg\SVANBERG.BDF"
                              $END OF INCLUDE FILE "c:\Users\pasquale\Desktop\testProblems\svanberg\SVANBERG.BDF"
1                                                                             APRIL  27, 2014  MSC Nastran  5/30/13   PAGE     5
                                                                                                                                    
0                                                                                                                                   
                                        M O D E L   S U M M A R Y          BULK = 0
                                   ENTRY NAME        NUMBER OF ENTRIES
                                   ----------        -----------------
                                        CBEAM                        5
                                        FORCE                        1
                                         GRID                        6
                                         MAT1                        1
                                        PARAM                        3
                                        PBEAM                        5
                                         SPC1                        2

 ^^^     
 ^^^ >>> IFP OPERATIONS COMPLETE <<< 
 ^^^     
 *** USER INFORMATION MESSAGE 4109 (OUTPX2)
     THE LABEL IS XXXXXXXX FOR FORTRAN UNIT 12
     (MAXIMUM SIZE OF FORTRAN RECORDS WRITTEN =          7 WORDS.)
           (NUMBER OF FORTRAN RECORDS WRITTEN =          8 RECORDS.)
                (TOTAL DATA WRITTEN FOR LABEL =         17 WORDS.)
 *** USER INFORMATION MESSAGE 4114 (OUTPX2)
     DATA BLOCK GEOM1X   WRITTEN ON FORTRAN UNIT  12 IN BINARY (LTLEND) FORMAT USING NDDL DESCRIPTION FOR GEOM16, TRL =
                    101                 0                 0                 8                 0                 0                 0
     NAME OF DATA BLOCK WRITTEN ON FORTRAN UNIT IS GEOM1   
        (MAXIMUM POSSIBLE FORTRAN RECORD SIZE =       16386 WORDS.)
     (MAXIMUM SIZE OF FORTRAN RECORDS WRITTEN =          51 WORDS.)
           (NUMBER OF FORTRAN RECORDS WRITTEN =          20 RECORDS.)
           (TOTAL DATA WRITTEN FOR DATA BLOCK =          82 WORDS.)
 *** USER INFORMATION MESSAGE 4114 (OUTPX2)
     DATA BLOCK GEOM2X   WRITTEN ON FORTRAN UNIT  12 IN BINARY (LTLEND) FORMAT USING NDDL DESCRIPTION FOR GEOM20, TRL =
                    102                 0                 0                 0              1024                 0                 0
     NAME OF DATA BLOCK WRITTEN ON FORTRAN UNIT IS GEOM2   
        (MAXIMUM POSSIBLE FORTRAN RECORD SIZE =       16386 WORDS.)
     (MAXIMUM SIZE OF FORTRAN RECORDS WRITTEN =          93 WORDS.)
           (NUMBER OF FORTRAN RECORDS WRITTEN =          20 RECORDS.)
           (TOTAL DATA WRITTEN FOR DATA BLOCK =         124 WORDS.)
 *** USER INFORMATION MESSAGE 4114 (OUTPX2)
     DATA BLOCK GEOM3X   WRITTEN ON FORTRAN UNIT  12 IN BINARY (LTLEND) FORMAT USING NDDL DESCRIPTION FOR GEOM30, TRL =
                    103                 0                 0                64                 0                 0                 0
     NAME OF DATA BLOCK WRITTEN ON FORTRAN UNIT IS GEOM3   
        (MAXIMUM POSSIBLE FORTRAN RECORD SIZE =       16386 WORDS.)
     (MAXIMUM SIZE OF FORTRAN RECORDS WRITTEN =          10 WORDS.)
           (NUMBER OF FORTRAN RECORDS WRITTEN =          20 RECORDS.)
           (TOTAL DATA WRITTEN FOR DATA BLOCK =          41 WORDS.)
1                                                                             APRIL  27, 2014  MSC Nastran  5/30/13   PAGE     6
                                                                                                                                    
0                                                                                                                                   
0                                                                                                                                   
                                                                                                                                    
                                                                                                                                    
 *** USER INFORMATION MESSAGE 4114 (OUTPX2)
     DATA BLOCK GEOM4X   WRITTEN ON FORTRAN UNIT  12 IN BINARY (LTLEND) FORMAT USING NDDL DESCRIPTION FOR GEOM470, TRL =
                    104                 0                 0                 0                64                 0                 0
     NAME OF DATA BLOCK WRITTEN ON FORTRAN UNIT IS GEOM4   
        (MAXIMUM POSSIBLE FORTRAN RECORD SIZE =       16386 WORDS.)
     (MAXIMUM SIZE OF FORTRAN RECORDS WRITTEN =          17 WORDS.)
           (NUMBER OF FORTRAN RECORDS WRITTEN =          20 RECORDS.)
           (TOTAL DATA WRITTEN FOR DATA BLOCK =          48 WORDS.)
 *** USER INFORMATION MESSAGE 4114 (OUTPX2)
     DATA BLOCK EPTX     WRITTEN ON FORTRAN UNIT  12 IN BINARY (LTLEND) FORMAT USING NDDL DESCRIPTION FOR EPT0, TRL =
                    105                 0                 0                 0              1024                 0                 0
     NAME OF DATA BLOCK WRITTEN ON FORTRAN UNIT IS EPT     
        (MAXIMUM POSSIBLE FORTRAN RECORD SIZE =       16386 WORDS.)
     (MAXIMUM SIZE OF FORTRAN RECORDS WRITTEN =         988 WORDS.)
           (NUMBER OF FORTRAN RECORDS WRITTEN =          20 RECORDS.)
           (TOTAL DATA WRITTEN FOR DATA BLOCK =        1019 WORDS.)
 *** USER INFORMATION MESSAGE 4114 (OUTPX2)
     DATA BLOCK MPTS     WRITTEN ON FORTRAN UNIT  12 IN BINARY (LTLEND) FORMAT USING NDDL DESCRIPTION FOR MPT, TRL =
                    101             32768                 0                 0                 0                 0                 0
     NAME OF DATA BLOCK WRITTEN ON FORTRAN UNIT IS MPTS    
        (MAXIMUM POSSIBLE FORTRAN RECORD SIZE =       16386 WORDS.)
     (MAXIMUM SIZE OF FORTRAN RECORDS WRITTEN =          15 WORDS.)
           (NUMBER OF FORTRAN RECORDS WRITTEN =          20 RECORDS.)
           (TOTAL DATA WRITTEN FOR DATA BLOCK =          46 WORDS.)
1                                                                             APRIL  27, 2014  MSC Nastran  5/30/13   PAGE     7
                                                                                                                                    
0                                                                                                                                   
                           O U T P U T   F R O M   G R I D   P O I N T   W E I G H T   G E N E R A T O R
0                                                     REFERENCE POINT =        0
                                                                M O
                      *  4.028091E+02  0.000000E+00  0.000000E+00  0.000000E+00  0.000000E+00  0.000000E+00 *
                      *  0.000000E+00  4.028091E+02  0.000000E+00  0.000000E+00  0.000000E+00  1.007023E+03 *
                      *  0.000000E+00  0.000000E+00  4.028091E+02  0.000000E+00 -1.007023E+03  0.000000E+00 *
                      *  0.000000E+00  0.000000E+00  0.000000E+00  7.384834E+04  0.000000E+00  0.000000E+00 *
                      *  0.000000E+00  0.000000E+00 -1.007023E+03  0.000000E+00  3.423877E+03  0.000000E+00 *
                      *  0.000000E+00  1.007023E+03  0.000000E+00  0.000000E+00  0.000000E+00  3.423877E+03 *
                                                                 S
                                           *  1.000000E+00  0.000000E+00  0.000000E+00 *
                                           *  0.000000E+00  1.000000E+00  0.000000E+00 *
                                           *  0.000000E+00  0.000000E+00  1.000000E+00 *
                               DIRECTION
                          MASS AXIS SYSTEM (S)     MASS              X-C.G.        Y-C.G.        Z-C.G.
                                  X            4.028091E+02      0.000000E+00  0.000000E+00  0.000000E+00
                                  Y            4.028091E+02      2.500000E+00  0.000000E+00  0.000000E+00
                                  Z            4.028091E+02      2.500000E+00  0.000000E+00  0.000000E+00
                                                                I(S)
                                           *  7.384834E+04  0.000000E+00  0.000000E+00 *
                                           *  0.000000E+00  9.063205E+02  0.000000E+00 *
                                           *  0.000000E+00  0.000000E+00  9.063205E+02 *
                                                                I(Q)
                                           *  7.384834E+04                             *
                                           *                9.063205E+02               *
                                           *                              9.063205E+02 *
                                                                 Q
                                           *  1.000000E+00  0.000000E+00  0.000000E+00 *
                                           *  0.000000E+00  1.000000E+00  0.000000E+00 *
                                           *  0.000000E+00  0.000000E+00  1.000000E+00 *

1                                                                             APRIL  27, 2014  MSC Nastran  5/30/13   PAGE     8
                                                                                                                                    
0                                                                                                                                   
1                                                                             APRIL  27, 2014  MSC Nastran  5/30/13   PAGE     9
                                                                                                                                    
0                                                                                                                                   
0 RESULTANTS ABOUT ORIGIN OF SUPERELEMENT BASIC COORDINATE SYSTEM IN SUPERELEMENT BASIC SYSTEM COORDINATES.

0                                                  OLOAD    RESULTANT       
  SUBCASE/    LOAD
  DAREA ID    TYPE       T1            T2            T3            R1            R2            R3
0        1     FX    0.000000E+00     ----          ----          ----       0.000000E+00  0.000000E+00                             
               FY       ----       0.000000E+00     ----       0.000000E+00     ----       0.000000E+00                             
               FZ       ----          ----      -1.000000E+08  0.000000E+00  5.000000E+08     ----                                  
               MX       ----          ----          ----       0.000000E+00     ----          ----                                  
               MY       ----          ----          ----          ----       0.000000E+00     ----                                  
               MZ       ----          ----          ----          ----          ----       0.000000E+00                             
             TOTALS  0.000000E+00  0.000000E+00 -1.000000E+08  0.000000E+00  5.000000E+08  0.000000E+00
1                                                                             APRIL  27, 2014  MSC Nastran  5/30/13   PAGE    10
                                                                                                                                    
0                                                                                                            SUBCASE 1              
  
 *** SYSTEM INFORMATION MESSAGE 4159 (DFMSA)
     THE DECOMPOSITION OF KLL      YIELDS A MAXIMUM MATRIX-TO-FACTOR-DIAGONAL RATIO OF    8.000000E+00
 *** USER INFORMATION MESSAGE 5293 (SSG3A)
    FOR DATA BLOCK KLL     
    LOAD SEQ. NO.             EPSILON              EXTERNAL WORK      EPSILONS LARGER THAN 0.001 ARE FLAGGED WITH ASTERISKS
                1          1.3265610E-14          5.7870369E+05
 *** USER INFORMATION MESSAGE 4114 (OUTPX2)
     DATA BLOCK OUG1     WRITTEN ON FORTRAN UNIT  12 IN BINARY (LTLEND) FORMAT USING NDDL DESCRIPTION FOR OUG, TRL =
                    101                 0                48                 0                 0                 0                 4
     NAME OF DATA BLOCK WRITTEN ON FORTRAN UNIT IS OUG1    
        (MAXIMUM POSSIBLE FORTRAN RECORD SIZE =       16386 WORDS.)
     (MAXIMUM SIZE OF FORTRAN RECORDS WRITTEN =         146 WORDS.)
           (NUMBER OF FORTRAN RECORDS WRITTEN =          20 RECORDS.)
           (TOTAL DATA WRITTEN FOR DATA BLOCK =         227 WORDS.)
1                                                                             APRIL  27, 2014  MSC Nastran  5/30/13   PAGE    11
                                                                                                                                    
0                                                                                                            SUBCASE 1              
 
                                 F O R C E S   I N   B E A M   E L E M E N T S        ( C B E A M )
                    STAT DIST/   - BENDING MOMENTS -            - WEB  SHEARS -           AXIAL          TOTAL          WARPING
   ELEMENT-ID  GRID   LENGTH    PLANE 1       PLANE 2        PLANE 1       PLANE 2        FORCE          TORQUE         TORQUE
0         1
                  1   0.000    0.0          -5.000000E+08   0.0          -1.000000E+08   0.0            0.0            0.0
                  2   1.000    0.0          -4.000000E+08   0.0          -1.000000E+08   0.0            0.0            0.0
0         2
                  2   0.000    0.0          -4.000000E+08   0.0          -1.000000E+08   0.0            0.0            0.0
                  3   1.000    0.0          -3.000000E+08   0.0          -1.000000E+08   0.0            0.0            0.0
0         3
                  3   0.000    0.0          -3.000000E+08   0.0          -1.000000E+08   0.0            0.0            0.0
                  4   1.000    0.0          -2.000000E+08   0.0          -1.000000E+08   0.0            0.0            0.0
0         4
                  4   0.000    0.0          -2.000000E+08   0.0          -1.000000E+08   0.0            0.0            0.0
                  5   1.000    0.0          -1.000000E+08   0.0          -1.000000E+08   0.0            0.0            0.0
0         5
                  5   0.000    0.0          -1.000000E+08   0.0          -1.000000E+08   0.0            0.0            0.0
                  6   1.000    0.0           9.536743E-07   0.0          -1.000000E+08   0.0            0.0            0.0
1                                                                             APRIL  27, 2014  MSC Nastran  5/30/13   PAGE    12
                                                                                                                                    
0                                                                                                            SUBCASE 1              
 
                                  S T R E S S E S   I N   B E A M   E L E M E N T S        ( C B E A M )
                    STAT DIST/
   ELEMENT-ID  GRID   LENGTH    SXC           SXD           SXE           SXF           S-MAX         S-MIN         M.S.-T   M.S.-C
0         1
                  1   0.000    2.000000E+05  2.000000E+05 -2.000000E+05 -2.000000E+05  2.000000E+05 -2.000000E+05          
                  2   1.000    1.600000E+05  1.600000E+05 -1.600000E+05 -1.600000E+05  1.600000E+05 -1.600000E+05          
0         2
                  2   0.000    1.600000E+05  1.600000E+05 -1.600000E+05 -1.600000E+05  1.600000E+05 -1.600000E+05          
                  3   1.000    1.200000E+05  1.200000E+05 -1.200000E+05 -1.200000E+05  1.200000E+05 -1.200000E+05          
0         3
                  3   0.000    1.200000E+05  1.200000E+05 -1.200000E+05 -1.200000E+05  1.200000E+05 -1.200000E+05          
                  4   1.000    8.000000E+04  8.000000E+04 -8.000000E+04 -8.000000E+04  8.000000E+04 -8.000000E+04          
0         4
                  4   0.000    8.000000E+04  8.000000E+04 -8.000000E+04 -8.000000E+04  8.000000E+04 -8.000000E+04          
                  5   1.000    4.000000E+04  4.000000E+04 -4.000000E+04 -4.000000E+04  4.000000E+04 -4.000000E+04          
0         5
                  5   0.000    4.000000E+04  4.000000E+04 -4.000000E+04 -4.000000E+04  4.000000E+04 -4.000000E+04          
                  6   1.000   -3.814697E-10 -3.814697E-10  3.814697E-10  3.814697E-10  3.814697E-10 -3.814697E-10          
 *** USER INFORMATION MESSAGE 4114 (OUTPX2)
     DATA BLOCK OEF1X    WRITTEN ON FORTRAN UNIT  12 IN BINARY (LTLEND) FORMAT USING NDDL DESCRIPTION FOR OEF1, TRL =
                    101                63                 4                27                14                 0                 1
     NAME OF DATA BLOCK WRITTEN ON FORTRAN UNIT IS OEF1X   
        (MAXIMUM POSSIBLE FORTRAN RECORD SIZE =       16386 WORDS.)
     (MAXIMUM SIZE OF FORTRAN RECORDS WRITTEN =         500 WORDS.)
           (NUMBER OF FORTRAN RECORDS WRITTEN =          20 RECORDS.)
           (TOTAL DATA WRITTEN FOR DATA BLOCK =         679 WORDS.)
 *** USER INFORMATION MESSAGE 4114 (OUTPX2)
     DATA BLOCK OES1X1   WRITTEN ON FORTRAN UNIT  12 IN BINARY (LTLEND) FORMAT USING NDDL DESCRIPTION FOR OES1X, TRL =
                    101                63                 4                27                14                 0                 1
     NAME OF DATA BLOCK WRITTEN ON FORTRAN UNIT IS OES1X1  
        (MAXIMUM POSSIBLE FORTRAN RECORD SIZE =       16386 WORDS.)
     (MAXIMUM SIZE OF FORTRAN RECORDS WRITTEN =         555 WORDS.)
           (NUMBER OF FORTRAN RECORDS WRITTEN =          20 RECORDS.)
           (TOTAL DATA WRITTEN FOR DATA BLOCK =         734 WORDS.)
 *** USER INFORMATION MESSAGE 4110 (OUTPX2)
                                 END-OF-DATA SIMULATION ON FORTRAN UNIT 12
                                 (MAXIMUM SIZE OF FORTRAN RECORDS WRITTEN =      1 WORDS.)
                                       (NUMBER OF FORTRAN RECORDS WRITTEN =      1 RECORDS.)
                                       (TOTAL DATA WRITTEN FOR EOF MARKER =      1 WORDS.)
1                                                                             APRIL  27, 2014  MSC Nastran  5/30/13   PAGE    13
                                                                                                                                    
0                                                                                                                                   
 * * * *  D B D I C T   P R I N T  * * * *      SUBDMAP = PRTSUM  ,  DMAP STATEMENT NO.     41



0                                   * * * *  A N A L Y S I S  S U M M A R Y  T A B L E  * * * *
0 SEID  PEID PROJ VERS APRCH      SEMG SEMR SEKR SELG SELR MODES DYNRED SOLLIN PVALID SOLNL LOOPID DESIGN CYCLE SENSITIVITY
 --------------------------------------------------------------------------------------------------------------------------
     0     0    1    1 '        '    T    T    T    T    T     F      F      T      0     F     -1            0           F
0SEID = SUPERELEMENT ID.
 PEID = PRIMARY SUPERELEMENT ID OF IMAGE SUPERELEMENT.
 PROJ = PROJECT ID NUMBER.
 VERS = VERSION ID.
 APRCH = BLANK FOR STRUCTURAL ANALYSIS.  HEAT FOR HEAT TRANSFER ANALYSIS.
 SEMG = STIFFNESS AND MASS MATRIX GENERATION STEP.
 SEMR = MASS MATRIX REDUCTION STEP (INCLUDES EIGENVALUE SOLUTION FOR MODES).
 SEKR = STIFFNESS MATRIX REDUCTION STEP.
 SELG = LOAD MATRIX GENERATION STEP.
 SELR = LOAD MATRIX REDUCTION STEP. 
 MODES = T (TRUE) IF NORMAL MODES OR BUCKLING MODES CALCULATED.
 DYNRED = T (TRUE) MEANS GENERALIZED DYNAMIC AND/OR COMPONENT MODE REDUCTION PERFORMED.
 SOLLIN = T (TRUE) IF LINEAR SOLUTION EXISTS IN DATABASE.
 PVALID = P-DISTRIBUTION ID OF P-VALUE FOR P-ELEMENTS
 LOOPID = THE LAST LOOPID VALUE USED IN THE NONLINEAR ANALYSIS.  USEFUL FOR RESTARTS.
 SOLNL = T (TRUE) IF NONLINEAR SOLUTION EXISTS IN DATABASE.
 DESIGN CYCLE = THE LAST DESIGN CYCLE (ONLY VALID IN OPTIMIZATION).
 SENSITIVITY = SENSITIVITY MATRIX GENERATION FLAG.
 
 No PARAM values were set in the Control File.
 
1                                        * * * END OF JOB * * *
 
 
 No Symbolic Replacement variables or values were specified.

