1
 
 
 
 
                      Warning: This computer program is protected by copyright law and international treaties.       
                  Unauthorized use, reproduction or distribution of this computer program, or any portion of it, may 
                                          result in severe civil and criminal penalties.                             
                         Copyright (C) 2013 MSC Software Corporation and its licensors. All rights reserved.         
 
 
                                              * * * * * * * * * * * * * * * * * * * *
                                              * * * * * * * * * * * * * * * * * * * *
                                              * *                                 * *
                                              * *           MSC Software          * *
                                              * *               CORP              * *
                                              * *                                 * *
                                              * *      M S C   N a s t r a n      * *
                                              * *                                 * *
                                              * *                                 * *
                                              * *                                 * *
                                              * *     Version 2013.0.0-CL199358   * *
                                              * *                                 * *
                                              * *                                 * *
                                              * *                                 * *
                                              * *          MAY 30, 2013           * *
                                              * *                                 * *
                                              * *              Intel              * *
                                              * *        MODEL 386/486/586        * *
                                              * * Windows Server 2008 R2 6.1 7601 * *
                                              * *        Compiled for 8664        * *
                                              * *                                 * *
                                              * * * * * * * * * * * * * * * * * * * *
                                              * * * * * * * * * * * * * * * * * * * *
1 News file -  (June 10, 2013):
  
               Welcome to MSC Nastran 2013
  
  
   Details of the new capabilities can be found in the MSC Nastran 2013
     Release Guide available online in the installation documentation
     sub-directory.
   Additional information can be found at the MSC Nastran Product Support page:
  
      http://simcompanion.mscsoftware.com
  
  
   The support page provides links to these valuable information:
      * A searchable Knowledge Base containing examples and answers to thousands
        of frequently asked questions written by MSC Software subject-matter
        experts.
      * Peer-to-peer Discussion Forums enabling you to post questions for your
        MSC Software products and receive answers from other users worldwide.
      * A list of known issues with the product and any workarounds.
      * Instructions on how to contact technical support
      * A mechanism for sending us product feedback or enhancement requests.
      * Hardware and software requirements.
      * Examples and Tutorials
      * and much more.
  
   For information on training, please visit our Training web site
  
      http://www.mscsoftware.com/Contents/Services/Training/
  
   MSC Nastran brings powerful new features and enhancements for engineering
   solutions.
  
   The highlights for the MSC Nastran 2013 release include:
  •   HPC
     –   GPU Support for non-symmetric and complex systems encountered in
           SOL 108, SOL 109, SOL 111 and SOL 112
     –   Element Assembly Time has been Improved using Parallel Processing in
           SOL 400
     –   SOL 700 DMP Improvements for FSI applications
     –   MSC Nastran now fully utilizes the memory for All Solutions Sequences
           which reduces the amount of wall time.
     -   New methods have been introduced to Control Pivoting strategies when
           Factorizing the System of Equation, to provide a balance between
           Performance and Accuracy
  •   Acoustics
     –   Poroelastic Materials which are Frequency Dependant can be included in
           Interior Acoustic Simulation to model trim materials
  •   Durability
     –   Fatigue Simulations may be performed from within MSC Nastran for
1          SOL 101, SOL 103, SOL 112 and SOL 200
     -   There is a new User Guide fully describing this new capability
  •   Optimization
     –   Optimization may be performed using Design Life as either a Constraint
         or an Objective Function.
     –   Enhancements to Equivalent Radiated Power (ERP)
  •   Linear Analysis
     –   Enhancements to Transfer Path Analysis (TPA) to support inter-component
           forces
     -   The Definition of Loads in Dynamic Analysis has been Improved.
  •   Aeroelasticity
     –   Output enhancements with Monitor Points for SOL 146
  •   Advanced Nonlinear (SOL 400)
     –   Support for enforced relative displacement motion SPCD and SPCR
     –   Export Adams MNF files from SOL 400 for nonlinear preload
  •   Explicit Dynamics (SOL 700)
     –   1D-3D Spherical Symmetry and 2D-3D Axial Symmetry Remap for Blast Loads
     –   Support for Multiple Detonation points with varying ignition times
     –   Empirical Blast Load Models
  
  
1                                                                             APRIL  27, 2014  MSC Nastran  5/30/13   PAGE     1
                                                                                                                                    
0        N A S T R A N    F I L E    A N D    S Y S T E M    P A R A M E T E R    E C H O                                           
0                                                                                                                                   
                                                                                                                                    
                                                                                                                                    
     NASTRAN BUFFSIZE=8193 $(C:/MSC.SOFTWARE/MSC_NASTRAN/20130/CONF/NAST20130.RCF[2])
     $ **********************************************************                    
     $   E X E C U T I V E    C O N T R O L                                          
     $ **********************************************************                    
1                                                                             APRIL  27, 2014  MSC Nastran  5/30/13   PAGE     2
                                                                                                                                    
0        N A S T R A N    E X E C U T I V E    C O N T R O L    E C H O                                                             
0                                                                                                                                   
                                                                                                                                    
                                                                                                                                    
     SOL 103                                                                                 
     CEND                                                                                    
1                                                                             APRIL  27, 2014  MSC Nastran  5/30/13   PAGE     3
                                                                                                                                    
0                                                                                                                                   
0                                        C A S E    C O N T R O L    E C H O                                                        
                 COMMAND                                                                                                            
                 COUNT                                                                                                              
                  1      $ **********************************************************                            
                  2      $   C A S E    C O N T R O L                                                            
                  3      $ **********************************************************                            
                  4      DISP(PUNCH)=ALL                                                                         
                  5      SPCF=NONE                                                                               
                  6      SPC = 1                                                                                 
                  7      METHOD = 1                                                                              
                  8      $ **********************************************************                            
                  9      $   B U L K    D A T A                                                                  
                 10      $ **********************************************************                            
                 11      BEGIN BULK                                                                              
1                                                                             APRIL  27, 2014  MSC Nastran  5/30/13   PAGE     4
                                                                                                                                    
0                                                                                                                                   
                                              I N P U T   B U L K   D A T A   E C H O                                               
                 ENTRY                                                                                                              
                 COUNT        .   1  ..   2  ..   3  ..   4  ..   5  ..   6  ..   7  ..   8  ..   9  ..  10  .                      
                              $INCLUDE "c:\Users\pasquale\Desktop\testProblems\svanberg\SVANBERG.BDF"
                              $END OF INCLUDE FILE "c:\Users\pasquale\Desktop\testProblems\svanberg\SVANBERG.BDF"
1                                                                             APRIL  27, 2014  MSC Nastran  5/30/13   PAGE     5
                                                                                                                                    
0                                                                                                                                   
                                                  S O R T E D   B U L K   D A T A   E C H O                                         
                 ENTRY                                                                                                              
                 COUNT        .   1  ..   2  ..   3  ..   4  ..   5  ..   6  ..   7  ..   8  ..   9  ..  10  .                      
                    1-        CBEAM   1       101     1       2       0.      1.      0.
                    2-        CBEAM   2       102     2       3       0.      1.      0.
                    3-        CBEAM   3       103     3       4       0.      1.      0.
                    4-        CBEAM   4       104     4       5       0.      1.      0.
                    5-        CBEAM   5       105     5       6       0.      1.      0.
                    6-        EIGRL   1                       10                              MAX
                    7-        FORCE   1       6               1E+08   0.      0.      -1.
                    8-        GRID    1       0       0.      0.      0.      0
                    9-        GRID    2       0       1.      0.      0.      0
                   10-        GRID    3       0       2.      0.      0.      0
                   11-        GRID    4       0       3.      0.      0.      0
                   12-        GRID    5       0       4.      0.      0.      0
                   13-        GRID    6       0       5.      0.      0.      0
                   14-        MAT1   *501             1440000000.                     .33             *
                   15-        *       5.37078819
                   16-        PARAM   AUTOSPC NO
                   17-        PARAM   COUPMASS1
                   18-        PARAM   GRDPNT  0
                   19-        PARAM   POST    -1
                   20-        PBEAM   101     501     15.     2500.   250.    0.0     25000.  0.0     +
                   21-        +       .1      .1      -0.1    .1      -0.1    -0.1    .1      -0.1    +
                   22-        +       0.0     0.0
                   23-        PBEAM   102     501     15.     2500.   250.    0.0     25000.  0.0     +
                   24-        +       .1      .1      -0.1    .1      -0.1    -0.1    .1      -0.1    +
                   25-        +       0.0     0.0
                   26-        PBEAM   103     501     15.     2500.   250.    0.0     25000.  0.0     +
                   27-        +       .1      .1      -0.1    .1      -0.1    -0.1    .1      -0.1    +
                   28-        +       0.0     0.0
                   29-        PBEAM   104     501     15.     2500.   250.    0.0     25000.  0.0     +
                   30-        +       .1      .1      -0.1    .1      -0.1    -0.1    .1      -0.1    +
                   31-        +       0.0     0.0
                   32-        PBEAM   105     501     15.     2500.   250.    0.0     25000.  0.0     +
                   33-        +       .1      .1      -0.1    .1      -0.1    -0.1    .1      -0.1    +
                   34-        +       0.0     0.0
                   35-        SPC1    1       246     2       3       4       5       6
                   36-        SPC1    1       123456  1
                              ENDDATA
                        TOTAL COUNT= 37
                              INPUT BULK DATA ENTRY COUNT = 42
1                                                                             APRIL  27, 2014  MSC Nastran  5/30/13   PAGE     6
                                                                                                                                    
0                                                                                                                                   
                                        M O D E L   S U M M A R Y          BULK = 0
                                   ENTRY NAME        NUMBER OF ENTRIES
                                   ----------        -----------------
                                        CBEAM                        5
                                        EIGRL                        1
                                        FORCE                        1
                                         GRID                        6
                                         MAT1                        1
                                        PARAM                        4
                                        PBEAM                        5
                                         SPC1                        2

 ^^^     
 ^^^ >>> IFP OPERATIONS COMPLETE <<< 
 ^^^     
 *** USER INFORMATION MESSAGE 4109 (OUTPX2)
     THE LABEL IS XXXXXXXX FOR FORTRAN UNIT 12
     (MAXIMUM SIZE OF FORTRAN RECORDS WRITTEN =          7 WORDS.)
           (NUMBER OF FORTRAN RECORDS WRITTEN =          8 RECORDS.)
                (TOTAL DATA WRITTEN FOR LABEL =         17 WORDS.)
 *** USER INFORMATION MESSAGE 4114 (OUTPX2)
     DATA BLOCK GEOM1X   WRITTEN ON FORTRAN UNIT  12 IN BINARY (LTLEND) FORMAT USING NDDL DESCRIPTION FOR GEOM16, TRL =
                    101                 0                 0                 8                 0                 0                 0
     NAME OF DATA BLOCK WRITTEN ON FORTRAN UNIT IS GEOM1   
        (MAXIMUM POSSIBLE FORTRAN RECORD SIZE =       16386 WORDS.)
     (MAXIMUM SIZE OF FORTRAN RECORDS WRITTEN =          51 WORDS.)
           (NUMBER OF FORTRAN RECORDS WRITTEN =          20 RECORDS.)
           (TOTAL DATA WRITTEN FOR DATA BLOCK =          82 WORDS.)
 *** USER INFORMATION MESSAGE 4114 (OUTPX2)
     DATA BLOCK GEOM2X   WRITTEN ON FORTRAN UNIT  12 IN BINARY (LTLEND) FORMAT USING NDDL DESCRIPTION FOR GEOM20, TRL =
                    102                 0                 0                 0              1024                 0                 0
     NAME OF DATA BLOCK WRITTEN ON FORTRAN UNIT IS GEOM2   
        (MAXIMUM POSSIBLE FORTRAN RECORD SIZE =       16386 WORDS.)
     (MAXIMUM SIZE OF FORTRAN RECORDS WRITTEN =          93 WORDS.)
           (NUMBER OF FORTRAN RECORDS WRITTEN =          20 RECORDS.)
           (TOTAL DATA WRITTEN FOR DATA BLOCK =         124 WORDS.)
 *** USER INFORMATION MESSAGE 4114 (OUTPX2)
     DATA BLOCK GEOM3X   WRITTEN ON FORTRAN UNIT  12 IN BINARY (LTLEND) FORMAT USING NDDL DESCRIPTION FOR GEOM30, TRL =
                    103                 0                 0                64                 0                 0                 0
     NAME OF DATA BLOCK WRITTEN ON FORTRAN UNIT IS GEOM3   
        (MAXIMUM POSSIBLE FORTRAN RECORD SIZE =       16386 WORDS.)
     (MAXIMUM SIZE OF FORTRAN RECORDS WRITTEN =          10 WORDS.)
           (NUMBER OF FORTRAN RECORDS WRITTEN =          20 RECORDS.)
           (TOTAL DATA WRITTEN FOR DATA BLOCK =          41 WORDS.)
1                                                                             APRIL  27, 2014  MSC Nastran  5/30/13   PAGE     7
                                                                                                                                    
0                                                                                                                                   
0                                                                                                                                   
                                                                                                                                    
                                                                                                                                    
 *** USER INFORMATION MESSAGE 4114 (OUTPX2)
     DATA BLOCK GEOM4X   WRITTEN ON FORTRAN UNIT  12 IN BINARY (LTLEND) FORMAT USING NDDL DESCRIPTION FOR GEOM470, TRL =
                    104                 0                 0                 0                64                 0                 0
     NAME OF DATA BLOCK WRITTEN ON FORTRAN UNIT IS GEOM4   
        (MAXIMUM POSSIBLE FORTRAN RECORD SIZE =       16386 WORDS.)
     (MAXIMUM SIZE OF FORTRAN RECORDS WRITTEN =          17 WORDS.)
           (NUMBER OF FORTRAN RECORDS WRITTEN =          20 RECORDS.)
           (TOTAL DATA WRITTEN FOR DATA BLOCK =          48 WORDS.)
 *** USER INFORMATION MESSAGE 4114 (OUTPX2)
     DATA BLOCK EPTX     WRITTEN ON FORTRAN UNIT  12 IN BINARY (LTLEND) FORMAT USING NDDL DESCRIPTION FOR EPT0, TRL =
                    105                 0                 0                 0              1024                 0                 0
     NAME OF DATA BLOCK WRITTEN ON FORTRAN UNIT IS EPT     
        (MAXIMUM POSSIBLE FORTRAN RECORD SIZE =       16386 WORDS.)
     (MAXIMUM SIZE OF FORTRAN RECORDS WRITTEN =         988 WORDS.)
           (NUMBER OF FORTRAN RECORDS WRITTEN =          20 RECORDS.)
           (TOTAL DATA WRITTEN FOR DATA BLOCK =        1019 WORDS.)
 *** USER INFORMATION MESSAGE 4114 (OUTPX2)
     DATA BLOCK MPTS     WRITTEN ON FORTRAN UNIT  12 IN BINARY (LTLEND) FORMAT USING NDDL DESCRIPTION FOR MPT, TRL =
                    101             32768                 0                 0                 0                 0                 0
     NAME OF DATA BLOCK WRITTEN ON FORTRAN UNIT IS MPTS    
        (MAXIMUM POSSIBLE FORTRAN RECORD SIZE =       16386 WORDS.)
     (MAXIMUM SIZE OF FORTRAN RECORDS WRITTEN =          15 WORDS.)
           (NUMBER OF FORTRAN RECORDS WRITTEN =          20 RECORDS.)
           (TOTAL DATA WRITTEN FOR DATA BLOCK =          46 WORDS.)
 *** USER INFORMATION MESSAGE 4114 (OUTPX2)
     DATA BLOCK DYNAMICS WRITTEN ON FORTRAN UNIT  12 IN BINARY (LTLEND) FORMAT USING NDDL DESCRIPTION FOR DYNAMIC, TRL =
                    103               256                 0                 0                 0                 0                 0
     NAME OF DATA BLOCK WRITTEN ON FORTRAN UNIT IS DYNAMICS
        (MAXIMUM POSSIBLE FORTRAN RECORD SIZE =       16386 WORDS.)
     (MAXIMUM SIZE OF FORTRAN RECORDS WRITTEN =          30 WORDS.)
           (NUMBER OF FORTRAN RECORDS WRITTEN =          20 RECORDS.)
           (TOTAL DATA WRITTEN FOR DATA BLOCK =          61 WORDS.)
1                                                                             APRIL  27, 2014  MSC Nastran  5/30/13   PAGE     8
                                                                                                                                    
0                                                                                                                                   
                           O U T P U T   F R O M   G R I D   P O I N T   W E I G H T   G E N E R A T O R
0                                                     REFERENCE POINT =        0
                                                                M O
                      *  4.028091E+02  0.000000E+00  0.000000E+00  0.000000E+00  0.000000E+00  0.000000E+00 *
                      *  0.000000E+00  4.028091E+02  0.000000E+00  0.000000E+00  0.000000E+00  1.007023E+03 *
                      *  0.000000E+00  0.000000E+00  4.028091E+02  0.000000E+00 -1.007023E+03  0.000000E+00 *
                      *  0.000000E+00  0.000000E+00  0.000000E+00  7.384834E+04  0.000000E+00  0.000000E+00 *
                      *  0.000000E+00  0.000000E+00 -1.007023E+03  0.000000E+00  3.356743E+03  0.000000E+00 *
                      *  0.000000E+00  1.007023E+03  0.000000E+00  0.000000E+00  0.000000E+00  3.356743E+03 *
                                                                 S
                                           *  1.000000E+00  0.000000E+00  0.000000E+00 *
                                           *  0.000000E+00  1.000000E+00  0.000000E+00 *
                                           *  0.000000E+00  0.000000E+00  1.000000E+00 *
                               DIRECTION
                          MASS AXIS SYSTEM (S)     MASS              X-C.G.        Y-C.G.        Z-C.G.
                                  X            4.028091E+02      0.000000E+00  0.000000E+00  0.000000E+00
                                  Y            4.028091E+02      2.500000E+00  0.000000E+00  0.000000E+00
                                  Z            4.028091E+02      2.500000E+00  0.000000E+00  0.000000E+00
                                                                I(S)
                                           *  7.384834E+04  0.000000E+00  0.000000E+00 *
                                           *  0.000000E+00  8.391857E+02  0.000000E+00 *
                                           *  0.000000E+00  0.000000E+00  8.391857E+02 *
                                                                I(Q)
                                           *  7.384834E+04                             *
                                           *                8.391857E+02               *
                                           *                              8.391857E+02 *
                                                                 Q
                                           *  1.000000E+00  0.000000E+00  0.000000E+00 *
                                           *  0.000000E+00  1.000000E+00  0.000000E+00 *
                                           *  0.000000E+00  0.000000E+00  1.000000E+00 *

1                                                                             APRIL  27, 2014  MSC Nastran  5/30/13   PAGE     9
                                                                                                                                    
0                                                                                                                                   
1                                                                             APRIL  27, 2014  MSC Nastran  5/30/13   PAGE    10
                                                                                                                                    
0                                                                                                                                   
0 RESULTANTS ABOUT ORIGIN OF SUPERELEMENT BASIC COORDINATE SYSTEM IN SUPERELEMENT BASIC SYSTEM COORDINATES.

0                                                  OLOAD    RESULTANT       
  SUBCASE/    LOAD
  DAREA ID    TYPE       T1            T2            T3            R1            R2            R3
0        1     FX    0.000000E+00     ----          ----          ----       0.000000E+00  0.000000E+00                             
               FY       ----       0.000000E+00     ----       0.000000E+00     ----       0.000000E+00                             
               FZ       ----          ----       0.000000E+00  0.000000E+00  0.000000E+00     ----                                  
               MX       ----          ----          ----       0.000000E+00     ----          ----                                  
               MY       ----          ----          ----          ----       0.000000E+00     ----                                  
               MZ       ----          ----          ----          ----          ----       0.000000E+00                             
             TOTALS  0.000000E+00  0.000000E+00  0.000000E+00  0.000000E+00  0.000000E+00  0.000000E+00
 *** USER INFORMATION MESSAGE 5458 (REIG)
     QL HOUSEHOLDER METHOD IS AUTOMATICALLY SELECTED .
1                                                                             APRIL  27, 2014  MSC Nastran  5/30/13   PAGE    11
                                                                                                                                    
0                                                                                                                                   
 
                                              R E A L   E I G E N V A L U E S
   MODE    EXTRACTION      EIGENVALUE            RADIANS             CYCLES            GENERALIZED         GENERALIZED
    NO.       ORDER                                                                       MASS              STIFFNESS
        1         1        2.668045E+07        5.165312E+03        8.220849E+02        1.981187E+02        5.285897E+09
        2         2        8.839067E+07        9.401632E+03        1.496316E+03        1.006968E+02        8.900660E+09
        3         3        2.562542E+08        1.600794E+04        2.547743E+03        1.737306E+02        4.451919E+10
        4         4        8.043512E+08        2.836109E+04        4.513807E+03        1.342697E+02        1.080000E+11
        5         5        1.808701E+09        4.252882E+04        6.768672E+03        9.480883E+01        1.714808E+11
        6         6        2.992220E+09        5.470118E+04        8.705964E+03        7.042066E+01        2.107141E+11
        7         7        3.474828E+09        5.894768E+04        9.381813E+03        1.005047E+02        3.492367E+11
        8         8        2.741188E+10        1.655653E+05        2.635054E+04        4.024777E+01        1.103267E+12
        9         9        1.069759E+11        3.270717E+05        5.205508E+04        1.979408E+01        2.117489E+12
       10        10        2.946944E+11        5.428576E+05        8.639847E+04        1.253095E+01        3.692801E+12
 *** USER INFORMATION MESSAGE 4114 (OUTPX2)
     DATA BLOCK OUG1     WRITTEN ON FORTRAN UNIT  12 IN BINARY (LTLEND) FORMAT USING NDDL DESCRIPTION FOR OUG, TRL =
                    101                 0               480                 0                 0                 0                 4
     NAME OF DATA BLOCK WRITTEN ON FORTRAN UNIT IS OUG1    
        (MAXIMUM POSSIBLE FORTRAN RECORD SIZE =       16386 WORDS.)
     (MAXIMUM SIZE OF FORTRAN RECORDS WRITTEN =         146 WORDS.)
           (NUMBER OF FORTRAN RECORDS WRITTEN =         110 RECORDS.)
           (TOTAL DATA WRITTEN FOR DATA BLOCK =        2045 WORDS.)
 *** USER INFORMATION MESSAGE 4110 (OUTPX2)
                                 END-OF-DATA SIMULATION ON FORTRAN UNIT 12
                                 (MAXIMUM SIZE OF FORTRAN RECORDS WRITTEN =      1 WORDS.)
                                       (NUMBER OF FORTRAN RECORDS WRITTEN =      1 RECORDS.)
                                       (TOTAL DATA WRITTEN FOR EOF MARKER =      1 WORDS.)
1                                                                             APRIL  27, 2014  MSC Nastran  5/30/13   PAGE    12
                                                                                                                                    
0                                                                                                                                   
 * * * *  D B D I C T   P R I N T  * * * *      SUBDMAP = PRTSUM  ,  DMAP STATEMENT NO.     41



0                                   * * * *  A N A L Y S I S  S U M M A R Y  T A B L E  * * * *
0 SEID  PEID PROJ VERS APRCH      SEMG SEMR SEKR SELG SELR MODES DYNRED SOLLIN PVALID SOLNL LOOPID DESIGN CYCLE SENSITIVITY
 --------------------------------------------------------------------------------------------------------------------------
     0     0    1    1 '        '    T    T    T    T    T     T      F      T      0     F     -1            0           F
0SEID = SUPERELEMENT ID.
 PEID = PRIMARY SUPERELEMENT ID OF IMAGE SUPERELEMENT.
 PROJ = PROJECT ID NUMBER.
 VERS = VERSION ID.
 APRCH = BLANK FOR STRUCTURAL ANALYSIS.  HEAT FOR HEAT TRANSFER ANALYSIS.
 SEMG = STIFFNESS AND MASS MATRIX GENERATION STEP.
 SEMR = MASS MATRIX REDUCTION STEP (INCLUDES EIGENVALUE SOLUTION FOR MODES).
 SEKR = STIFFNESS MATRIX REDUCTION STEP.
 SELG = LOAD MATRIX GENERATION STEP.
 SELR = LOAD MATRIX REDUCTION STEP. 
 MODES = T (TRUE) IF NORMAL MODES OR BUCKLING MODES CALCULATED.
 DYNRED = T (TRUE) MEANS GENERALIZED DYNAMIC AND/OR COMPONENT MODE REDUCTION PERFORMED.
 SOLLIN = T (TRUE) IF LINEAR SOLUTION EXISTS IN DATABASE.
 PVALID = P-DISTRIBUTION ID OF P-VALUE FOR P-ELEMENTS
 LOOPID = THE LAST LOOPID VALUE USED IN THE NONLINEAR ANALYSIS.  USEFUL FOR RESTARTS.
 SOLNL = T (TRUE) IF NONLINEAR SOLUTION EXISTS IN DATABASE.
 DESIGN CYCLE = THE LAST DESIGN CYCLE (ONLY VALID IN OPTIMIZATION).
 SENSITIVITY = SENSITIVITY MATRIX GENERATION FLAG.
 
 No PARAM values were set in the Control File.
 
1                                        * * * END OF JOB * * *
 
 
 No Symbolic Replacement variables or values were specified.

