1
 
 
 
 
                      Warning: This computer program is protected by copyright law and international treaties.       
                  Unauthorized use, reproduction or distribution of this computer program, or any portion of it, may 
                                          result in severe civil and criminal penalties.                             
                         Copyright (C) 2012 MSC.Software Corporation and its licensors. All rights reserved.         
 
 
                                              * * * * * * * * * * * * * * * * * * * *
                                              * * * * * * * * * * * * * * * * * * * *
                                              * *                                 * *
                                              * *           MSC.SOFTWARE          * *
                                              * *               CORP              * *
                                              * *                                 * *
                                              * *      M S C   N a s t r a n      * *
                                              * *                                 * *
                                              * *                                 * *
                                              * *                                 * *
                                              * *     Version 2012.2.0-CL151760   * *
                                              * *                                 * *
                                              * *                                 * *
                                              * *                                 * *
                                              * *          JUL  6, 2012           * *
                                              * *                                 * *
                                              * *              Intel              * *
                                              * *        MODEL 386/486/586        * *
                                              * * Windows Server 2008 R2 6.1 7601 * *
                                              * *        Compiled for 8664        * *
                                              * *                                 * *
                                              * * * * * * * * * * * * * * * * * * * *
                                              * * * * * * * * * * * * * * * * * * * *
1News file -  (May 29, 2012):
  
               Welcome to MSC Nastran 2012.2
  
   Details of the release can be found in the Release Guide available
   electronically in the installation documentation sub-directory.
   Additional information can be found at the Nastran Product Support page:
  
      http://simcompanion.mscsoftware.com
  
   The support page provides links to this valuable information:
      * A searchable Knowledge Base containing examples and answers to thousands
        frequently asked questions written by MSC.Software subject-matter experts
      * Peer-to-peer Discussion Forums enabling you to post questions for your
        MSC.Software products and receive answers from other users worldwide.
      * A list of known issues with the product and any workarounds.
      * Instructions on how to contact technical support
      * A mechanism for sending us product feedback or enhancement requests.
      * Hardware and software requirements.
      * Examples and Tutorials
      * and much more.
  
   For information on training, please visit our Training web site
  
      http://www.mscsoftware.com/Contents/Services/Training/
  
   MSC Nastran brings powerful new features and enhancements for engineering
   solutions. For a detailed description of features added to MSC Nastran 2012.2
   Release Guide.
   The highlights for the 2012.1 release include:
      * MD and MSC Products have been consolidated into one release.
      * Improved Performance when using ACMS especially with Parallel Processing
      * A New Method for Complex Eigenvalue Analysis which has Greater Accuracy
      * Improved performance for the Solution of Nonsymmetric systems encountered
        with Exterior Acoustics, Friction and complex Lanczos
      * Support of GPU computing
      * Structural Interior - Exterior Acoustics can be performed using Weakly
        Coupled Procedure which is Faster in SOL 111 and SOL 200
      * Complex stress recovery for Shells in SOL 108,109, 111 and 112.
      * Improved coupling with ACTRAN for modeling of Trimming material in SOL 10
        and SOL 111
      * Panel Participation Factor may be obtained for the Structural Response an
        may be utilized in optimization.
      * Easier to use Linear Contact Capability in SOL 400
      * Improved Time Stepping procedure in SOL 400
      * Coupled Thermal-Structural Analysis with SOL 700
      * Wood and Ice Model in SOL 700
      * Improved Computational Performance for FSI simulations on Parallel Proces
      * Improved Splining techniques in Aeroelastic calculations
 The highlights for the 2012.2 release include:
1     * Reduction in I/O times for large models which had significant I/O in
        previous releases
      * Improved performance when using SOL 400 for nonlinear analysis
      * The Segment-to-Segment Contact Procedure is expanded for Large Deformatio
        and Friction
      * User can easily add mass to CBUSH elements
  
  
  
  
  
  
  
  
  
1                                                                             MARCH  12, 2013  MSC.NASTRAN  7/ 6/12   PAGE     1
                                                                                                                                    
0        N A S T R A N    F I L E    A N D    S Y S T E M    P A R A M E T E R    E C H O                                           
0                                                                                                                                   
                                                                                                                                    
                                                                                                                                    
     NASTRAN BUFFSIZE=8193 $(C:/MSC.SOFTWARE/MSC_NASTRAN/20122/CONF/NAST20122.RCF[2])
     NASTRAN REAL=2144075776 $(PROGRAM DEFAULT)                                      
     $ **********************************************************                    
     $   E X E C U T I V E    C O N T R O L                                          
     $ **********************************************************                    
1                                                                             MARCH  12, 2013  MSC.NASTRAN  7/ 6/12   PAGE     2
                                                                                                                                    
0        N A S T R A N    E X E C U T I V E    C O N T R O L    E C H O                                                             
0                                                                                                                                   
                                                                                                                                    
                                                                                                                                    
     SOL 101                                                                                 
     CEND                                                                                    
1    NONLINEAR                                                                MARCH  12, 2013  MSC.NASTRAN  7/ 6/12   PAGE     3
                                                                                                                                    
0                                                                                                                                   
0                                        C A S E    C O N T R O L    E C H O                                                        
                 COMMAND                                                                                                            
                 COUNT                                                                                                              
                  1      $ **********************************************************                            
                  2      $   C A S E    C O N T R O L                                                            
                  3      $ **********************************************************                            
                  4      TITLE = NONLINEAR                                                                       
                  5      ECHO = NONE                                                                             
                  6      NLPARM = 100                                                                            
                  7      DISP(PUNCH) = ALL                                                                       
                  8      SPCFORCES = NONE                                                                        
                  9      SUBCASE 1                                                                               
                 10         SPC = 1                                                                              
                 11         LOAD = 1025                                                                          
                 12      $ **********************************************************                            
                 13      $   B U L K    D A T A                                                                  
                 14      $ **********************************************************                            
                 15      $                                                                                       
                 16      $ ---------------------------------------------                                         
                 17      $   ANALYSIS MODEL                                                                      
                 18      $ ---------------------------------------------                                         
                 19      $                                                                                       
                 20      BEGIN BULK                                                                              
1    NONLINEAR                                                                MARCH  12, 2013  MSC.NASTRAN  7/ 6/12   PAGE     4
                                                                                                                                    
0                                                                                                                                   
                                              I N P U T   B U L K   D A T A   E C H O                                               
                 ENTRY                                                                                                              
                 COUNT        .   1  ..   2  ..   3  ..   4  ..   5  ..   6  ..   7  ..   8  ..   9  ..  10  .                      
                              $INCLUDE "Z:\NASTRAN\SDM_2_Journal\myModel\assembled\wingbox\MESHINPUTS_FW.BDF"
                              $END OF INCLUDE FILE "Z:\NASTRAN\SDM_2_Journal\myModel\assembled\wingbox\MESHINPUTS_FW.BDF"
                              $INCLUDE "Z:\NASTRAN\SDM_2_Journal\myModel\assembled\wingbox\MESHPROPS_FW.BDF"
                              $END OF INCLUDE FILE "Z:\NASTRAN\SDM_2_Journal\myModel\assembled\wingbox\MESHPROPS_FW.BDF"
                              $INCLUDE "Z:\NASTRAN\SDM_2_Journal\myModel\assembled\wingbox\MESHINPUTS_AW.BDF"
                              $END OF INCLUDE FILE "Z:\NASTRAN\SDM_2_Journal\myModel\assembled\wingbox\MESHINPUTS_AW.BDF"
                              $INCLUDE "Z:\NASTRAN\SDM_2_Journal\myModel\assembled\wingbox\MESHPROPS_AW.BDF"
                              $END OF INCLUDE FILE "Z:\NASTRAN\SDM_2_Journal\myModel\assembled\wingbox\MESHPROPS_AW.BDF"
                              $INCLUDE "Z:\NASTRAN\SDM_2_Journal\myModel\assembled\wingbox\CONNECT.BDF"
                              $END OF INCLUDE FILE "Z:\NASTRAN\SDM_2_Journal\myModel\assembled\wingbox\CONNECT.BDF"
                              $INCLUDE "Z:\NASTRAN\SDM_2_Journal\myModel\assembled\wingbox\AIRLOADS.BDF"
                              $END OF INCLUDE FILE "Z:\NASTRAN\SDM_2_Journal\myModel\assembled\wingbox\AIRLOADS.BDF"
                              $INCLUDE "Z:\NASTRAN\SDM_2_Journal\myModel\assembled\wingbox\GRAVITYLOADS.BDF"
                              $END OF INCLUDE FILE "Z:\NASTRAN\SDM_2_Journal\myModel\assembled\wingbox\GRAVITYLOADS.BDF"
1    NONLINEAR                                                                MARCH  12, 2013  MSC.NASTRAN  7/ 6/12   PAGE     5
                                                                                                                                    
0                                                                                                                                   
                                        M O D E L   S U M M A R Y          BULK = 0
                                   ENTRY NAME        NUMBER OF ENTRIES
                                   ----------        -----------------
                                        CONM2                      100
                                       CORD2R                        2
                                       CQUADR                      432
                                        FORCE                      150
                                         GRAV                        1
                                         GRID                      450
                                         LOAD                        2
                                         MAT1                        1
                                       MDLPRM                        1
                                       NLPARM                        2
                                        PARAM                        4
                                       PSHELL                        8
                                         RBE2                       51
                                         RBE3                       50
                                         SPC1                        1

    DEFAULT NONLINEAR TOLERANCES 
       NLPARM ID    100
       NINC          20
       EPSU          1.00000E-02 (not normally used)
       EPSP          1.00000E-02
       EPSW          1.00000E-02
      (VALUES YOU ENTER OVERIDE THE ABOVE DEFAULTS)

 ^^^     
 ^^^ >>> IFP OPERATIONS COMPLETE <<< 
 ^^^     
 *** USER INFORMATION MESSAGE 4109 (OUTPX2)
     THE LABEL IS XXXXXXXX FOR FORTRAN UNIT 12
     (MAXIMUM SIZE OF FORTRAN RECORDS WRITTEN =          7 WORDS.)
           (NUMBER OF FORTRAN RECORDS WRITTEN =          8 RECORDS.)
                (TOTAL DATA WRITTEN FOR LABEL =         17 WORDS.)
 *** USER INFORMATION MESSAGE 4114 (OUTPX2)
     DATA BLOCK GEOM1X   WRITTEN ON FORTRAN UNIT  12 IN BINARY (LTLEND) FORMAT USING NDDL DESCRIPTION FOR GEOM16, TRL =
                    101                 0              2048                 8                 0                 0                 0
     NAME OF DATA BLOCK WRITTEN ON FORTRAN UNIT IS GEOM1   
        (MAXIMUM POSSIBLE FORTRAN RECORD SIZE =       16386 WORDS.)
     (MAXIMUM SIZE OF FORTRAN RECORDS WRITTEN =        3603 WORDS.)
           (NUMBER OF FORTRAN RECORDS WRITTEN =          25 RECORDS.)
           (TOTAL DATA WRITTEN FOR DATA BLOCK =        3667 WORDS.)
 *** USER INFORMATION MESSAGE 4114 (OUTPX2)
     DATA BLOCK GEOM2X   WRITTEN ON FORTRAN UNIT  12 IN BINARY (LTLEND) FORMAT USING NDDL DESCRIPTION FOR GEOM20, TRL =
                    102                 2                 0                 0                 0                 1                 0
     NAME OF DATA BLOCK WRITTEN ON FORTRAN UNIT IS GEOM2   
        (MAXIMUM POSSIBLE FORTRAN RECORD SIZE =       16386 WORDS.)
     (MAXIMUM SIZE OF FORTRAN RECORDS WRITTEN =        6051 WORDS.)
           (NUMBER OF FORTRAN RECORDS WRITTEN =          25 RECORDS.)
           (TOTAL DATA WRITTEN FOR DATA BLOCK =        7389 WORDS.)
1    NONLINEAR                                                                MARCH  12, 2013  MSC.NASTRAN  7/ 6/12   PAGE     6
                                                                                                                                    
0                                                                                                                                   
0                                                                                                                                   
                                                                                                                                    
                                                                                                                                    
 *** USER INFORMATION MESSAGE 4114 (OUTPX2)
     DATA BLOCK EPTX     WRITTEN ON FORTRAN UNIT  12 IN BINARY (LTLEND) FORMAT USING NDDL DESCRIPTION FOR EPT0, TRL =
                    103                 0               512                 0                 0                 0                 0
     NAME OF DATA BLOCK WRITTEN ON FORTRAN UNIT IS EPT     
        (MAXIMUM POSSIBLE FORTRAN RECORD SIZE =       16386 WORDS.)
     (MAXIMUM SIZE OF FORTRAN RECORDS WRITTEN =          91 WORDS.)
           (NUMBER OF FORTRAN RECORDS WRITTEN =          20 RECORDS.)
           (TOTAL DATA WRITTEN FOR DATA BLOCK =         122 WORDS.)
 *** USER INFORMATION MESSAGE 4114 (OUTPX2)
     DATA BLOCK MPTS     WRITTEN ON FORTRAN UNIT  12 IN BINARY (LTLEND) FORMAT USING NDDL DESCRIPTION FOR MPT, TRL =
                    101             32768                 4                 0                 0                 0                 0
     NAME OF DATA BLOCK WRITTEN ON FORTRAN UNIT IS MPTS    
        (MAXIMUM POSSIBLE FORTRAN RECORD SIZE =       16386 WORDS.)
     (MAXIMUM SIZE OF FORTRAN RECORDS WRITTEN =          43 WORDS.)
           (NUMBER OF FORTRAN RECORDS WRITTEN =          25 RECORDS.)
           (TOTAL DATA WRITTEN FOR DATA BLOCK =          93 WORDS.)
 *** USER INFORMATION MESSAGE 4114 (OUTPX2)
     DATA BLOCK EDTS     WRITTEN ON FORTRAN UNIT  12 IN BINARY (LTLEND) FORMAT USING NDDL DESCRIPTION FOR EDT, TRL =
                    105                 0                 0                 0                 0                 0                 4
     NAME OF DATA BLOCK WRITTEN ON FORTRAN UNIT IS EDTS    
        (MAXIMUM POSSIBLE FORTRAN RECORD SIZE =       16386 WORDS.)
     (MAXIMUM SIZE OF FORTRAN RECORDS WRITTEN =           7 WORDS.)
           (NUMBER OF FORTRAN RECORDS WRITTEN =          20 RECORDS.)
           (TOTAL DATA WRITTEN FOR DATA BLOCK =          37 WORDS.)
1    NONLINEAR                                                                MARCH  12, 2013  MSC.NASTRAN  7/ 6/12   PAGE     7
                                                                                                                                    
0                                                                                                                                   
                           O U T P U T   F R O M   G R I D   P O I N T   W E I G H T   G E N E R A T O R
0                                                     REFERENCE POINT =        0
                                                                M O
                      *  1.134735E+03 -2.578861E-14 -3.426358E-15  1.298148E-14  6.681449E+03 -4.135512E+04 *
                      * -2.578861E-14  1.134735E+03 -5.713745E-15 -6.681449E+03  5.109401E-14  3.488256E+04 *
                      * -3.426358E-15 -5.713745E-15  1.134735E+03  4.135512E+04 -3.488256E+04 -6.407548E-14 *
                      *  1.298148E-14 -6.681449E+03  4.135512E+04  2.115029E+06 -1.546295E+06 -2.972863E+05 *
                      *  6.681449E+03  5.109401E-14 -3.488256E+04 -1.546295E+06  1.542279E+06 -2.799716E+05 *
                      * -4.135512E+04  3.488256E+04 -6.407548E-14 -2.972863E+05 -2.799716E+05  3.530190E+06 *
                                                                 S
                                           *  1.000000E+00  0.000000E+00  0.000000E+00 *
                                           *  0.000000E+00  1.000000E+00  0.000000E+00 *
                                           *  0.000000E+00  0.000000E+00  1.000000E+00 *
                               DIRECTION
                          MASS AXIS SYSTEM (S)     MASS              X-C.G.        Y-C.G.        Z-C.G.
                                  X            1.134735E+03      1.144010E-17  3.644474E+01  5.888115E+00
                                  Y            1.134735E+03      3.074071E+01  4.502726E-17  5.888115E+00
                                  Z            1.134735E+03      3.074071E+01  3.644474E+01 -5.646736E-17
                                                                I(S)
                                           *  5.685115E+05  2.750091E+05  9.189375E+04 *
                                           *  2.750091E+05  4.306235E+05  3.646796E+04 *
                                           *  9.189375E+04  3.646796E+04  9.506986E+05 *
                                                                I(Q)
                                           *  7.701689E+05                             *
                                           *                9.734428E+05               *
                                           *                              2.062219E+05 *
                                                                 Q
                                           *  7.391356E-01  2.657738E-01  6.189045E-01 *
                                           * -6.254887E-01 -7.005418E-02  7.770819E-01 *
                                           *  2.498849E-01 -9.614867E-01  1.144590E-01 *

1    NONLINEAR                                                                MARCH  12, 2013  MSC.NASTRAN  7/ 6/12   PAGE     8
                                                                                                                                    
0                                                                                                                                   
1    NONLINEAR                                                                MARCH  12, 2013  MSC.NASTRAN  7/ 6/12   PAGE     9
                                                                                                                                    
0                                                                                                                                   
0 RESULTANTS ABOUT ORIGIN OF SUPERELEMENT BASIC COORDINATE SYSTEM IN SUPERELEMENT BASIC SYSTEM COORDINATES.

0                                                  OLOAD    RESULTANT       
  SUBCASE/    LOAD
  DAREA ID    TYPE       T1            T2            T3            R1            R2            R3
0        1     FX   -3.178180E+02     ----          ----          ----      -2.014211E+03  1.638012E+04                             
               FY       ----      -3.308155E+03     ----       1.315551E+03     ----      -3.875321E+04                             
               FZ       ----          ----       1.346276E+04  5.609318E+05 -3.065616E+05     ----                                  
               MX       ----          ----          ----       0.000000E+00     ----          ----                                  
               MY       ----          ----          ----          ----       0.000000E+00     ----                                  
               MZ       ----          ----          ----          ----          ----       0.000000E+00                             
             TOTALS -3.178180E+02 -3.308155E+03  1.346276E+04  5.622473E+05 -3.085758E+05 -2.237309E+04
1    NONLINEAR                                                                MARCH  12, 2013  MSC.NASTRAN  7/ 6/12   PAGE    10
                                                                                                                                    
0                                                                                                            SUBCASE 1              
  
 *** SYSTEM INFORMATION MESSAGE 4159 (DFMSA)
     THE DECOMPOSITION OF KLL      YIELDS A MAXIMUM MATRIX-TO-FACTOR-DIAGONAL RATIO OF    3.392246E+04
 *** USER INFORMATION MESSAGE 5293 (SSG3A)
    FOR DATA BLOCK KLL     
    LOAD SEQ. NO.             EPSILON              EXTERNAL WORK      EPSILONS LARGER THAN 0.001 ARE FLAGGED WITH ASTERISKS
                1          3.6266315E-10          4.5750508E+03
 *** USER INFORMATION MESSAGE 4114 (OUTPX2)
     DATA BLOCK OUG1     WRITTEN ON FORTRAN UNIT  12 IN BINARY (LTLEND) FORMAT USING NDDL DESCRIPTION FOR OUG, TRL =
                    101                 0              3600                 0                 0                 0                 4
     NAME OF DATA BLOCK WRITTEN ON FORTRAN UNIT IS OUG1    
        (MAXIMUM POSSIBLE FORTRAN RECORD SIZE =       16386 WORDS.)
     (MAXIMUM SIZE OF FORTRAN RECORDS WRITTEN =        3600 WORDS.)
           (NUMBER OF FORTRAN RECORDS WRITTEN =          20 RECORDS.)
           (TOTAL DATA WRITTEN FOR DATA BLOCK =        3779 WORDS.)
 *** USER INFORMATION MESSAGE 4110 (OUTPX2)
                                 END-OF-DATA SIMULATION ON FORTRAN UNIT 12
                                 (MAXIMUM SIZE OF FORTRAN RECORDS WRITTEN =      1 WORDS.)
                                       (NUMBER OF FORTRAN RECORDS WRITTEN =      1 RECORDS.)
                                       (TOTAL DATA WRITTEN FOR EOF MARKER =      1 WORDS.)
1    NONLINEAR                                                                MARCH  12, 2013  MSC.NASTRAN  7/ 6/12   PAGE    11
                                                                                                                                    
0                                                                                                                                   
 * * * *  D B D I C T   P R I N T  * * * *      SUBDMAP = PRTSUM  ,  DMAP STATEMENT NO.     41



0                                   * * * *  A N A L Y S I S  S U M M A R Y  T A B L E  * * * *
0 SEID  PEID PROJ VERS APRCH      SEMG SEMR SEKR SELG SELR MODES DYNRED SOLLIN PVALID SOLNL LOOPID DESIGN CYCLE SENSITIVITY
 --------------------------------------------------------------------------------------------------------------------------
     0     0    1    1 '        '    T    T    T    T    T     F      F      T      0     F     -1            0           F
0SEID = SUPERELEMENT ID.
 PEID = PRIMARY SUPERELEMENT ID OF IMAGE SUPERELEMENT.
 PROJ = PROJECT ID NUMBER.
 VERS = VERSION ID.
 APRCH = BLANK FOR STRUCTURAL ANALYSIS.  HEAT FOR HEAT TRANSFER ANALYSIS.
 SEMG = STIFFNESS AND MASS MATRIX GENERATION STEP.
 SEMR = MASS MATRIX REDUCTION STEP (INCLUDES EIGENVALUE SOLUTION FOR MODES).
 SEKR = STIFFNESS MATRIX REDUCTION STEP.
 SELG = LOAD MATRIX GENERATION STEP.
 SELR = LOAD MATRIX REDUCTION STEP. 
 MODES = T (TRUE) IF NORMAL MODES OR BUCKLING MODES CALCULATED.
 DYNRED = T (TRUE) MEANS GENERALIZED DYNAMIC AND/OR COMPONENT MODE REDUCTION PERFORMED.
 SOLLIN = T (TRUE) IF LINEAR SOLUTION EXISTS IN DATABASE.
 PVALID = P-DISTRIBUTION ID OF P-VALUE FOR P-ELEMENTS
 LOOPID = THE LAST LOOPID VALUE USED IN THE NONLINEAR ANALYSIS.  USEFUL FOR RESTARTS.
 SOLNL = T (TRUE) IF NONLINEAR SOLUTION EXISTS IN DATABASE.
 DESIGN CYCLE = THE LAST DESIGN CYCLE (ONLY VALID IN OPTIMIZATION).
 SENSITIVITY = SENSITIVITY MATRIX GENERATION FLAG.
 
 No PARAM values were set in the Control File.
 
1                                        * * * END OF JOB * * *
 
 
 No Symbolic Replacement variables or values were specified.

