1
 
 
 
 
                      Warning: This computer program is protected by copyright law and international treaties.       
                  Unauthorized use, reproduction or distribution of this computer program, or any portion of it, may 
                                          result in severe civil and criminal penalties.                             
                         Copyright (C) 2013 MSC Software Corporation and its licensors. All rights reserved.         
 
 
                                              * * * * * * * * * * * * * * * * * * * *
                                              * * * * * * * * * * * * * * * * * * * *
                                              * *                                 * *
                                              * *           MSC Software          * *
                                              * *               CORP              * *
                                              * *                                 * *
                                              * *      M S C   N a s t r a n      * *
                                              * *                                 * *
                                              * *                                 * *
                                              * *                                 * *
                                              * *     Version 2013.0.0-CL199358   * *
                                              * *                                 * *
                                              * *                                 * *
                                              * *                                 * *
                                              * *          MAY 30, 2013           * *
                                              * *                                 * *
                                              * *              Intel              * *
                                              * *        MODEL 386/486/586        * *
                                              * * Windows Server 2008 R2 6.1 7601 * *
                                              * *        Compiled for 8664        * *
                                              * *                                 * *
                                              * * * * * * * * * * * * * * * * * * * *
                                              * * * * * * * * * * * * * * * * * * * *
1 News file -  (June 10, 2013):
  
               Welcome to MSC Nastran 2013
  
  
   Details of the new capabilities can be found in the MSC Nastran 2013
     Release Guide available online in the installation documentation
     sub-directory.
   Additional information can be found at the MSC Nastran Product Support page:
  
      http://simcompanion.mscsoftware.com
  
  
   The support page provides links to these valuable information:
      * A searchable Knowledge Base containing examples and answers to thousands
        of frequently asked questions written by MSC Software subject-matter
        experts.
      * Peer-to-peer Discussion Forums enabling you to post questions for your
        MSC Software products and receive answers from other users worldwide.
      * A list of known issues with the product and any workarounds.
      * Instructions on how to contact technical support
      * A mechanism for sending us product feedback or enhancement requests.
      * Hardware and software requirements.
      * Examples and Tutorials
      * and much more.
  
   For information on training, please visit our Training web site
  
      http://www.mscsoftware.com/Contents/Services/Training/
  
   MSC Nastran brings powerful new features and enhancements for engineering
   solutions.
  
   The highlights for the MSC Nastran 2013 release include:
  •   HPC
     –   GPU Support for non-symmetric and complex systems encountered in
           SOL 108, SOL 109, SOL 111 and SOL 112
     –   Element Assembly Time has been Improved using Parallel Processing in
           SOL 400
     –   SOL 700 DMP Improvements for FSI applications
     –   MSC Nastran now fully utilizes the memory for All Solutions Sequences
           which reduces the amount of wall time.
     -   New methods have been introduced to Control Pivoting strategies when
           Factorizing the System of Equation, to provide a balance between
           Performance and Accuracy
  •   Acoustics
     –   Poroelastic Materials which are Frequency Dependant can be included in
           Interior Acoustic Simulation to model trim materials
  •   Durability
     –   Fatigue Simulations may be performed from within MSC Nastran for
1          SOL 101, SOL 103, SOL 112 and SOL 200
     -   There is a new User Guide fully describing this new capability
  •   Optimization
     –   Optimization may be performed using Design Life as either a Constraint
         or an Objective Function.
     –   Enhancements to Equivalent Radiated Power (ERP)
  •   Linear Analysis
     –   Enhancements to Transfer Path Analysis (TPA) to support inter-component
           forces
     -   The Definition of Loads in Dynamic Analysis has been Improved.
  •   Aeroelasticity
     –   Output enhancements with Monitor Points for SOL 146
  •   Advanced Nonlinear (SOL 400)
     –   Support for enforced relative displacement motion SPCD and SPCR
     –   Export Adams MNF files from SOL 400 for nonlinear preload
  •   Explicit Dynamics (SOL 700)
     –   1D-3D Spherical Symmetry and 2D-3D Axial Symmetry Remap for Blast Loads
     –   Support for Multiple Detonation points with varying ignition times
     –   Empirical Blast Load Models
  
  
1                                                                               MAY   4, 2014  MSC Nastran  5/30/13   PAGE     1
                                                                                                                                    
0        N A S T R A N    F I L E    A N D    S Y S T E M    P A R A M E T E R    E C H O                                           
0                                                                                                                                   
                                                                                                                                    
                                                                                                                                    
     NASTRAN BUFFSIZE=8193 $(C:/MSC.SOFTWARE/MSC_NASTRAN/20130/CONF/NAST20130.RCF[2])
     $ **********************************************************                    
     $   E X E C U T I V E    C O N T R O L                                          
     $ **********************************************************                    
1                                                                               MAY   4, 2014  MSC Nastran  5/30/13   PAGE     2
                                                                                                                                    
0        N A S T R A N    E X E C U T I V E    C O N T R O L    E C H O                                                             
0                                                                                                                                   
                                                                                                                                    
                                                                                                                                    
     SOL 101                                                                                 
     CEND                                                                                    
1                                                                               MAY   4, 2014  MSC Nastran  5/30/13   PAGE     3
                                                                                                                                    
0                                                                                                                                   
0                                        C A S E    C O N T R O L    E C H O                                                        
                 COMMAND                                                                                                            
                 COUNT                                                                                                              
                  1      $ **********************************************************                            
                  2      $   C A S E    C O N T R O L                                                            
                  3      $ **********************************************************                            
                  4      ECHO = NONE                                                                             
                  5      DISP(PUNCH) = ALL                                                                       
                  6      STRESS = ALL                                                                            
                  7      FORCE = ALL                                                                             
                  8      SPCFORCES = NONE                                                                        
                  9      SPC = 1                                                                                 
                 10      SUBCASE 1                                                                               
                 11         LOAD = 1                                                                             
                 12      SUBCASE 2                                                                               
                 13         LOAD = 2                                                                             
                 14      $ **********************************************************                            
                 15      $   B U L K    D A T A                                                                  
                 16      $ **********************************************************                            
                 17      $                                                                                       
                 18      $ ---------------------------------------------                                         
                 19      $   ANALYSIS MODEL                                                                      
                 20      $ ---------------------------------------------                                         
                 21      $                                                                                       
                 22      BEGIN BULK                                                                              
1                                                                               MAY   4, 2014  MSC Nastran  5/30/13   PAGE     4
                                                                                                                                    
0                                                                                                                                   
                                              I N P U T   B U L K   D A T A   E C H O                                               
                 ENTRY                                                                                                              
                 COUNT        .   1  ..   2  ..   3  ..   4  ..   5  ..   6  ..   7  ..   8  ..   9  ..  10  .                      
                              $INCLUDE "c:\Users\pasquale\Desktop\testProblems\seventyTwoBar\SEVENTYTWOBARTRUSS.BDF"
                              $END OF INCLUDE FILE "c:\Users\pasquale\Desktop\testProblems\seventyTwoBar\SEVENTYTWOBARTRUSS.BDF"
1                                                                               MAY   4, 2014  MSC Nastran  5/30/13   PAGE     5
                                                                                                                                    
0                                                                                                                                   
                                        M O D E L   S U M M A R Y          BULK = 0
                                   ENTRY NAME        NUMBER OF ENTRIES
                                   ----------        -----------------
                                       CMASS1                       12
                                         CROD                       72
                                        FORCE                        5
                                         GRID                       20
                                         MAT1                        1
                                        PARAM                        3
                                        PMASS                        1
                                         PROD                       16
                                         SPC1                        2

 ^^^     
 ^^^ >>> IFP OPERATIONS COMPLETE <<< 
 ^^^     
 *** USER INFORMATION MESSAGE 4109 (OUTPX2)
     THE LABEL IS XXXXXXXX FOR FORTRAN UNIT 12
     (MAXIMUM SIZE OF FORTRAN RECORDS WRITTEN =          7 WORDS.)
           (NUMBER OF FORTRAN RECORDS WRITTEN =          8 RECORDS.)
                (TOTAL DATA WRITTEN FOR LABEL =         17 WORDS.)
 *** USER INFORMATION MESSAGE 4114 (OUTPX2)
     DATA BLOCK GEOM1X   WRITTEN ON FORTRAN UNIT  12 IN BINARY (LTLEND) FORMAT USING NDDL DESCRIPTION FOR GEOM16, TRL =
                    101                 0                 0                 8                 0                 0                 0
     NAME OF DATA BLOCK WRITTEN ON FORTRAN UNIT IS GEOM1   
        (MAXIMUM POSSIBLE FORTRAN RECORD SIZE =       16386 WORDS.)
     (MAXIMUM SIZE OF FORTRAN RECORDS WRITTEN =         163 WORDS.)
           (NUMBER OF FORTRAN RECORDS WRITTEN =          20 RECORDS.)
           (TOTAL DATA WRITTEN FOR DATA BLOCK =         194 WORDS.)
 *** USER INFORMATION MESSAGE 4114 (OUTPX2)
     DATA BLOCK GEOM2X   WRITTEN ON FORTRAN UNIT  12 IN BINARY (LTLEND) FORMAT USING NDDL DESCRIPTION FOR GEOM20, TRL =
                    102                64                 4                 0                 0                 0                 0
     NAME OF DATA BLOCK WRITTEN ON FORTRAN UNIT IS GEOM2   
        (MAXIMUM POSSIBLE FORTRAN RECORD SIZE =       16386 WORDS.)
     (MAXIMUM SIZE OF FORTRAN RECORDS WRITTEN =         291 WORDS.)
           (NUMBER OF FORTRAN RECORDS WRITTEN =          25 RECORDS.)
           (TOTAL DATA WRITTEN FOR DATA BLOCK =         401 WORDS.)
 *** USER INFORMATION MESSAGE 4114 (OUTPX2)
     DATA BLOCK GEOM3X   WRITTEN ON FORTRAN UNIT  12 IN BINARY (LTLEND) FORMAT USING NDDL DESCRIPTION FOR GEOM30, TRL =
                    103                 0                 0                64                 0                 0                 0
     NAME OF DATA BLOCK WRITTEN ON FORTRAN UNIT IS GEOM3   
        (MAXIMUM POSSIBLE FORTRAN RECORD SIZE =       16386 WORDS.)
     (MAXIMUM SIZE OF FORTRAN RECORDS WRITTEN =          38 WORDS.)
           (NUMBER OF FORTRAN RECORDS WRITTEN =          20 RECORDS.)
           (TOTAL DATA WRITTEN FOR DATA BLOCK =          69 WORDS.)
1                                                                               MAY   4, 2014  MSC Nastran  5/30/13   PAGE     6
                                                                                                                                    
0                                                                                                                                   
0                                                                                                                                   
                                                                                                                                    
                                                                                                                                    
 *** USER INFORMATION MESSAGE 4114 (OUTPX2)
     DATA BLOCK GEOM4X   WRITTEN ON FORTRAN UNIT  12 IN BINARY (LTLEND) FORMAT USING NDDL DESCRIPTION FOR GEOM470, TRL =
                    104                 0                 0                 0                64                 0                 0
     NAME OF DATA BLOCK WRITTEN ON FORTRAN UNIT IS GEOM4   
        (MAXIMUM POSSIBLE FORTRAN RECORD SIZE =       16386 WORDS.)
     (MAXIMUM SIZE OF FORTRAN RECORDS WRITTEN =          35 WORDS.)
           (NUMBER OF FORTRAN RECORDS WRITTEN =          20 RECORDS.)
           (TOTAL DATA WRITTEN FOR DATA BLOCK =          66 WORDS.)
 *** USER INFORMATION MESSAGE 4114 (OUTPX2)
     DATA BLOCK EPTX     WRITTEN ON FORTRAN UNIT  12 IN BINARY (LTLEND) FORMAT USING NDDL DESCRIPTION FOR EPT0, TRL =
                    105              4224                 0                 0                 0                 0                 0
     NAME OF DATA BLOCK WRITTEN ON FORTRAN UNIT IS EPT     
        (MAXIMUM POSSIBLE FORTRAN RECORD SIZE =       16386 WORDS.)
     (MAXIMUM SIZE OF FORTRAN RECORDS WRITTEN =          99 WORDS.)
           (NUMBER OF FORTRAN RECORDS WRITTEN =          25 RECORDS.)
           (TOTAL DATA WRITTEN FOR DATA BLOCK =         139 WORDS.)
 *** USER INFORMATION MESSAGE 4114 (OUTPX2)
     DATA BLOCK MPTS     WRITTEN ON FORTRAN UNIT  12 IN BINARY (LTLEND) FORMAT USING NDDL DESCRIPTION FOR MPT, TRL =
                    101             32768                 0                 0                 0                 0                 0
     NAME OF DATA BLOCK WRITTEN ON FORTRAN UNIT IS MPTS    
        (MAXIMUM POSSIBLE FORTRAN RECORD SIZE =       16386 WORDS.)
     (MAXIMUM SIZE OF FORTRAN RECORDS WRITTEN =          15 WORDS.)
           (NUMBER OF FORTRAN RECORDS WRITTEN =          20 RECORDS.)
           (TOTAL DATA WRITTEN FOR DATA BLOCK =          46 WORDS.)
1                                                                               MAY   4, 2014  MSC Nastran  5/30/13   PAGE     7
                                                                                                                                    
0                                                                                                                                   
                           O U T P U T   F R O M   G R I D   P O I N T   W E I G H T   G E N E R A T O R
0                                                     REFERENCE POINT =        0
                                                                M O
                      *  1.565047E+02  0.000000E+00  0.000000E+00  0.000000E+00  3.744130E+04 -9.390285E+03 *
                      *  0.000000E+00  1.104751E+00  0.000000E+00 -1.453038E+02  0.000000E+00  6.628506E+01 *
                      *  0.000000E+00  0.000000E+00  1.104751E+00  6.628506E+01 -6.628506E+01  0.000000E+00 *
                      *  0.000000E+00 -1.453038E+02  6.628506E+01  3.288435E+04 -3.977103E+03 -8.718226E+03 *
                      *  3.744130E+04  0.000000E+00 -6.628506E+01 -3.977103E+03  8.983924E+06 -2.246478E+06 *
                      * -9.390285E+03  6.628506E+01  0.000000E+00 -8.718226E+03 -2.246478E+06  1.134788E+06 *
                                                                 S
                                           *  1.000000E+00  0.000000E+00  0.000000E+00 *
                                           *  0.000000E+00  1.000000E+00  0.000000E+00 *
                                           *  0.000000E+00  0.000000E+00  1.000000E+00 *
                               DIRECTION
                          MASS AXIS SYSTEM (S)     MASS              X-C.G.        Y-C.G.        Z-C.G.
                                  X            1.565047E+02      0.000000E+00  6.000000E+01  2.392343E+02
                                  Y            1.104751E+00      6.000000E+01  0.000000E+00  1.315263E+02
                                  Z            1.104751E+00      6.000000E+01  6.000000E+01  0.000000E+00
                                                                I(S)
                                           *  9.795987E+03 -9.094947E-13  0.000000E+00 *
                                           * -9.094947E-13  2.270334E+04 -4.656613E-10 *
                                           *  0.000000E+00 -4.656613E-10  5.673942E+05 *
                                                                I(Q)
                                           *  9.795987E+03                             *
                                           *                2.270334E+04               *
                                           *                              5.673942E+05 *
                                                                 Q
                                           *  1.000000E+00  0.000000E+00  0.000000E+00 *
                                           *  0.000000E+00  1.000000E+00  0.000000E+00 *
                                           *  0.000000E+00  0.000000E+00  1.000000E+00 *

1                                                                               MAY   4, 2014  MSC Nastran  5/30/13   PAGE     8
                                                                                                                                    
0                                                                                                                                   
1                                                                               MAY   4, 2014  MSC Nastran  5/30/13   PAGE     9
                                                                                                                                    
0                                                                                                                                   
0 RESULTANTS ABOUT ORIGIN OF SUPERELEMENT BASIC COORDINATE SYSTEM IN SUPERELEMENT BASIC SYSTEM COORDINATES.

0                                                  OLOAD    RESULTANT       
  SUBCASE/    LOAD
  DAREA ID    TYPE       T1            T2            T3            R1            R2            R3
0        1     FX    5.000000E+03     ----          ----          ----       1.200000E+06  0.000000E+00                             
               FY       ----       5.000000E+03     ----      -1.200000E+06     ----       0.000000E+00                             
               FZ       ----          ----      -5.000000E+03  0.000000E+00  0.000000E+00     ----                                  
               MX       ----          ----          ----       0.000000E+00     ----          ----                                  
               MY       ----          ----          ----          ----       0.000000E+00     ----                                  
               MZ       ----          ----          ----          ----          ----       0.000000E+00                             
             TOTALS  5.000000E+03  5.000000E+03 -5.000000E+03 -1.200000E+06  1.200000E+06  0.000000E+00
0        2     FX    0.000000E+00     ----          ----          ----       0.000000E+00  0.000000E+00                             
               FY       ----       0.000000E+00     ----       0.000000E+00     ----       0.000000E+00                             
               FZ       ----          ----      -2.000000E+04 -1.200000E+06  1.200000E+06     ----                                  
               MX       ----          ----          ----       0.000000E+00     ----          ----                                  
               MY       ----          ----          ----          ----       0.000000E+00     ----                                  
               MZ       ----          ----          ----          ----          ----       0.000000E+00                             
             TOTALS  0.000000E+00  0.000000E+00 -2.000000E+04 -1.200000E+06  1.200000E+06  0.000000E+00
1                                                                               MAY   4, 2014  MSC Nastran  5/30/13   PAGE    10
                                                                                                                                    
0                                                                                                            SUBCASE 1              
  
 *** SYSTEM INFORMATION MESSAGE 4159 (DFMSA)
     THE DECOMPOSITION OF KLL      YIELDS A MAXIMUM MATRIX-TO-FACTOR-DIAGONAL RATIO OF    7.113634E+00
 *** USER INFORMATION MESSAGE 5293 (SSG3A)
    FOR DATA BLOCK KLL     
    LOAD SEQ. NO.             EPSILON              EXTERNAL WORK      EPSILONS LARGER THAN 0.001 ARE FLAGGED WITH ASTERISKS
                1         -1.6764817E-15          1.7924343E+03
                2         -9.6548595E-16          2.1664468E+03
 *** USER INFORMATION MESSAGE 4114 (OUTPX2)
     DATA BLOCK OUG1     WRITTEN ON FORTRAN UNIT  12 IN BINARY (LTLEND) FORMAT USING NDDL DESCRIPTION FOR OUG, TRL =
                    101                 0               320                 0                 0                 0                 4
     NAME OF DATA BLOCK WRITTEN ON FORTRAN UNIT IS OUG1    
        (MAXIMUM POSSIBLE FORTRAN RECORD SIZE =       16386 WORDS.)
     (MAXIMUM SIZE OF FORTRAN RECORDS WRITTEN =         160 WORDS.)
           (NUMBER OF FORTRAN RECORDS WRITTEN =          30 RECORDS.)
           (TOTAL DATA WRITTEN FOR DATA BLOCK =         653 WORDS.)
1                                                                               MAY   4, 2014  MSC Nastran  5/30/13   PAGE    11
                                                                                                                                    
0                                                                                                            SUBCASE 1              
 
                                           F O R C E S   I N   R O D   E L E M E N T S     ( C R O D )
       ELEMENT           AXIAL                                     ELEMENT           AXIAL
         ID.             FORCE          TORQUE                       ID.             FORCE          TORQUE
             1       -2.670745E+03   0.0                                 2       -1.630263E+02   0.0
             3       -8.335172E+02   0.0                                 4       -1.630263E+02   0.0
             5        1.209310E+03   0.0                                 6       -2.604187E+03   0.0
             7        9.319005E+02   0.0                                 8       -8.447723E+02   0.0
             9       -8.447723E+02   0.0                                10        9.319005E+02   0.0
            11       -2.604187E+03   0.0                                12        1.209310E+03   0.0
            13       -1.479550E+03   0.0                                14        3.576771E+02   0.0
            15        3.576771E+02   0.0                                16       -1.479550E+03   0.0
            17       -1.684603E+03   0.0                                18        5.627300E+02   0.0
            19       -2.203849E+02   0.0                                20       -9.645666E+02   0.0
            21       -2.501641E+03   0.0                                22       -9.645666E+02   0.0
            23        1.579830E+03   0.0                                24       -1.530275E+03   0.0
            25        1.020246E+03   0.0                                26       -1.459818E+03   0.0
            27       -1.459818E+03   0.0                                28        1.020246E+03   0.0
            29       -1.530275E+03   0.0                                30        1.579830E+03   0.0
            31        4.443973E+02   0.0                                32        3.690091E-01   0.0
            33        3.690091E-01   0.0                                34        4.443973E+02   0.0
            35       -2.224808E+02   0.0                                36        6.672471E+02   0.0
            37        2.495684E+03   0.0                                38       -1.118706E+03   0.0
            39       -4.820127E+03   0.0                                40       -1.118706E+03   0.0
            41        1.417826E+03   0.0                                42       -1.456827E+03   0.0
            43        1.132329E+03   0.0                                44       -1.583188E+03   0.0
            45       -1.583188E+03   0.0                                46        1.132329E+03   0.0
            47       -1.456827E+03   0.0                                48        1.417826E+03   0.0
            49       -8.621516E+01   0.0                                50        3.167178E+02   0.0
            51        3.167178E+02   0.0                                52       -8.621516E+01   0.0
            53       -3.366174E+01   0.0                                54        2.641644E+02   0.0
            55        4.804053E+03   0.0                                56       -1.128532E+03   0.0
            57       -6.968938E+03   0.0                                58       -1.128532E+03   0.0
            59        1.652688E+03   0.0                                60       -1.163009E+03   0.0
            61        8.192562E+02   0.0                                62       -1.955217E+03   0.0
            63       -1.955217E+03   0.0                                64        8.192562E+02   0.0
            65       -1.163009E+03   0.0                                66        1.652688E+03   0.0
            67       -3.067803E+02   0.0                                68        6.044169E+02   0.0
            69        6.044169E+02   0.0                                70       -3.067803E+02   0.0
            71        1.115311E+02   0.0                                72        1.861055E+02   0.0
1                                                                               MAY   4, 2014  MSC Nastran  5/30/13   PAGE    12
                                                                                                                                    
0                                                                                                            SUBCASE 2              
 
                                           F O R C E S   I N   R O D   E L E M E N T S     ( C R O D )
       ELEMENT           AXIAL                                     ELEMENT           AXIAL
         ID.             FORCE          TORQUE                       ID.             FORCE          TORQUE
             1       -4.497731E+03   0.0                                 2       -4.497731E+03   0.0
             3       -4.497731E+03   0.0                                 4       -4.497731E+03   0.0
             5       -5.615539E+02   0.0                                 6       -5.615539E+02   0.0
             7       -5.615539E+02   0.0                                 8       -5.615539E+02   0.0
             9       -5.615539E+02   0.0                                10       -5.615539E+02   0.0
            11       -5.615539E+02   0.0                                12       -5.615539E+02   0.0
            13        2.942224E+02   0.0                                14        2.942224E+02   0.0
            15        2.942224E+02   0.0                                16        2.942224E+02   0.0
            17        2.942224E+02   0.0                                18        2.942224E+02   0.0
            19       -4.562066E+03   0.0                                20       -4.562066E+03   0.0
            21       -4.562066E+03   0.0                                22       -4.562066E+03   0.0
            23       -4.896251E+02   0.0                                24       -4.896251E+02   0.0
            25       -4.896251E+02   0.0                                26       -4.896251E+02   0.0
            27       -4.896251E+02   0.0                                28       -4.896251E+02   0.0
            29       -4.896251E+02   0.0                                30       -4.896251E+02   0.0
            31        5.507582E+02   0.0                                32        5.507582E+02   0.0
            33        5.507582E+02   0.0                                34        5.507582E+02   0.0
            35        5.507582E+02   0.0                                36        5.507582E+02   0.0
            37       -4.573776E+03   0.0                                38       -4.573776E+03   0.0
            39       -4.573776E+03   0.0                                40       -4.573776E+03   0.0
            41       -4.765327E+02   0.0                                42       -4.765327E+02   0.0
            43       -4.765327E+02   0.0                                44       -4.765327E+02   0.0
            45       -4.765327E+02   0.0                                46       -4.765327E+02   0.0
            47       -4.765327E+02   0.0                                48       -4.765327E+02   0.0
            49        5.062119E+02   0.0                                50        5.062119E+02   0.0
            51        5.062119E+02   0.0                                52        5.062119E+02   0.0
            53        5.062119E+02   0.0                                54        5.062119E+02   0.0
            55       -4.420150E+03   0.0                                56       -4.420150E+03   0.0
            57       -4.420150E+03   0.0                                58       -4.420150E+03   0.0
            59       -6.482922E+02   0.0                                60       -6.482922E+02   0.0
            61       -6.482922E+02   0.0                                62       -6.482922E+02   0.0
            63       -6.482922E+02   0.0                                64       -6.482922E+02   0.0
            65       -6.482922E+02   0.0                                66       -6.482922E+02   0.0
            67        5.893445E+02   0.0                                68        5.893445E+02   0.0
            69        5.893445E+02   0.0                                70        5.893445E+02   0.0
            71        5.893445E+02   0.0                                72        5.893445E+02   0.0
1                                                                               MAY   4, 2014  MSC Nastran  5/30/13   PAGE    13
                                                                                                                                    
0                                                                                                            SUBCASE 1              
 
                                     S T R E S S E S   I N   R O D   E L E M E N T S      ( C R O D )
       ELEMENT       AXIAL       SAFETY      TORSIONAL     SAFETY       ELEMENT       AXIAL       SAFETY      TORSIONAL     SAFETY
         ID.        STRESS       MARGIN        STRESS      MARGIN         ID.        STRESS       MARGIN        STRESS      MARGIN
             1   -5.341489E+03              0.0                               2   -3.260526E+02              0.0           
             3   -1.667034E+03              0.0                               4   -3.260526E+02              0.0           
             5    2.418621E+03              0.0                               6   -5.208374E+03              0.0           
             7    1.863801E+03              0.0                               8   -1.689545E+03              0.0           
             9   -1.689545E+03              0.0                              10    1.863801E+03              0.0           
            11   -5.208374E+03              0.0                              12    2.418621E+03              0.0           
            13   -2.959100E+03              0.0                              14    7.153542E+02              0.0           
            15    7.153542E+02              0.0                              16   -2.959100E+03              0.0           
            17   -3.369206E+03              0.0                              18    1.125460E+03              0.0           
            19   -4.407698E+02              0.0                              20   -1.929133E+03              0.0           
            21   -5.003281E+03              0.0                              22   -1.929133E+03              0.0           
            23    3.159661E+03              0.0                              24   -3.060550E+03              0.0           
            25    2.040493E+03              0.0                              26   -2.919636E+03              0.0           
            27   -2.919636E+03              0.0                              28    2.040493E+03              0.0           
            29   -3.060550E+03              0.0                              30    3.159661E+03              0.0           
            31    8.887946E+02              0.0                              32    7.380182E-01              0.0           
            33    7.380182E-01              0.0                              34    8.887946E+02              0.0           
            35   -4.449615E+02              0.0                              36    1.334494E+03              0.0           
            37    4.991368E+03              0.0                              38   -2.237413E+03              0.0           
            39   -9.640255E+03              0.0                              40   -2.237413E+03              0.0           
            41    2.835652E+03              0.0                              42   -2.913654E+03              0.0           
            43    2.264658E+03              0.0                              44   -3.166376E+03              0.0           
            45   -3.166376E+03              0.0                              46    2.264658E+03              0.0           
            47   -2.913654E+03              0.0                              48    2.835652E+03              0.0           
            49   -1.724303E+02              0.0                              50    6.334357E+02              0.0           
            51    6.334357E+02              0.0                              52   -1.724303E+02              0.0           
            53   -6.732348E+01              0.0                              54    5.283288E+02              0.0           
            55    9.608105E+03              0.0                              56   -2.257063E+03              0.0           
            57   -1.393788E+04              0.0                              58   -2.257063E+03              0.0           
            59    3.305377E+03              0.0                              60   -2.326017E+03              0.0           
            61    1.638512E+03              0.0                              62   -3.910434E+03              0.0           
            63   -3.910434E+03              0.0                              64    1.638512E+03              0.0           
            65   -2.326017E+03              0.0                              66    3.305377E+03              0.0           
            67   -6.135605E+02              0.0                              68    1.208834E+03              0.0           
            69    1.208834E+03              0.0                              70   -6.135605E+02              0.0           
            71    2.230622E+02              0.0                              72    3.722110E+02              0.0           
1                                                                               MAY   4, 2014  MSC Nastran  5/30/13   PAGE    14
                                                                                                                                    
0                                                                                                            SUBCASE 2              
 
                                     S T R E S S E S   I N   R O D   E L E M E N T S      ( C R O D )
       ELEMENT       AXIAL       SAFETY      TORSIONAL     SAFETY       ELEMENT       AXIAL       SAFETY      TORSIONAL     SAFETY
         ID.        STRESS       MARGIN        STRESS      MARGIN         ID.        STRESS       MARGIN        STRESS      MARGIN
             1   -8.995462E+03              0.0                               2   -8.995462E+03              0.0           
             3   -8.995462E+03              0.0                               4   -8.995462E+03              0.0           
             5   -1.123108E+03              0.0                               6   -1.123108E+03              0.0           
             7   -1.123108E+03              0.0                               8   -1.123108E+03              0.0           
             9   -1.123108E+03              0.0                              10   -1.123108E+03              0.0           
            11   -1.123108E+03              0.0                              12   -1.123108E+03              0.0           
            13    5.884448E+02              0.0                              14    5.884448E+02              0.0           
            15    5.884448E+02              0.0                              16    5.884448E+02              0.0           
            17    5.884448E+02              0.0                              18    5.884448E+02              0.0           
            19   -9.124132E+03              0.0                              20   -9.124132E+03              0.0           
            21   -9.124132E+03              0.0                              22   -9.124132E+03              0.0           
            23   -9.792502E+02              0.0                              24   -9.792502E+02              0.0           
            25   -9.792502E+02              0.0                              26   -9.792502E+02              0.0           
            27   -9.792502E+02              0.0                              28   -9.792502E+02              0.0           
            29   -9.792502E+02              0.0                              30   -9.792502E+02              0.0           
            31    1.101516E+03              0.0                              32    1.101516E+03              0.0           
            33    1.101516E+03              0.0                              34    1.101516E+03              0.0           
            35    1.101516E+03              0.0                              36    1.101516E+03              0.0           
            37   -9.147553E+03              0.0                              38   -9.147553E+03              0.0           
            39   -9.147553E+03              0.0                              40   -9.147553E+03              0.0           
            41   -9.530654E+02              0.0                              42   -9.530654E+02              0.0           
            43   -9.530654E+02              0.0                              44   -9.530654E+02              0.0           
            45   -9.530654E+02              0.0                              46   -9.530654E+02              0.0           
            47   -9.530654E+02              0.0                              48   -9.530654E+02              0.0           
            49    1.012424E+03              0.0                              50    1.012424E+03              0.0           
            51    1.012424E+03              0.0                              52    1.012424E+03              0.0           
            53    1.012424E+03              0.0                              54    1.012424E+03              0.0           
            55   -8.840300E+03              0.0                              56   -8.840300E+03              0.0           
            57   -8.840300E+03              0.0                              58   -8.840300E+03              0.0           
            59   -1.296584E+03              0.0                              60   -1.296584E+03              0.0           
            61   -1.296584E+03              0.0                              62   -1.296584E+03              0.0           
            63   -1.296584E+03              0.0                              64   -1.296584E+03              0.0           
            65   -1.296584E+03              0.0                              66   -1.296584E+03              0.0           
            67    1.178689E+03              0.0                              68    1.178689E+03              0.0           
            69    1.178689E+03              0.0                              70    1.178689E+03              0.0           
            71    1.178689E+03              0.0                              72    1.178689E+03              0.0           
 *** USER INFORMATION MESSAGE 4114 (OUTPX2)
     DATA BLOCK OEF1X    WRITTEN ON FORTRAN UNIT  12 IN BINARY (LTLEND) FORMAT USING NDDL DESCRIPTION FOR OEF1, TRL =
                    101                63                 5                 4                14                 0                 1
     NAME OF DATA BLOCK WRITTEN ON FORTRAN UNIT IS OEF1X   
        (MAXIMUM POSSIBLE FORTRAN RECORD SIZE =       16386 WORDS.)
     (MAXIMUM SIZE OF FORTRAN RECORDS WRITTEN =         216 WORDS.)
           (NUMBER OF FORTRAN RECORDS WRITTEN =          30 RECORDS.)
           (TOTAL DATA WRITTEN FOR DATA BLOCK =         765 WORDS.)
1                                                                               MAY   4, 2014  MSC Nastran  5/30/13   PAGE    15
                                                                                                                                    
0                                                                                                                                   
0                                                                                                                                   
                                                                                                                                    
                                                                                                                                    
 *** USER INFORMATION MESSAGE 4114 (OUTPX2)
     DATA BLOCK OES1X1   WRITTEN ON FORTRAN UNIT  12 IN BINARY (LTLEND) FORMAT USING NDDL DESCRIPTION FOR OES1X, TRL =
                    101                63                 5                 4                14                 0                 1
     NAME OF DATA BLOCK WRITTEN ON FORTRAN UNIT IS OES1X1  
        (MAXIMUM POSSIBLE FORTRAN RECORD SIZE =       16386 WORDS.)
     (MAXIMUM SIZE OF FORTRAN RECORDS WRITTEN =         360 WORDS.)
           (NUMBER OF FORTRAN RECORDS WRITTEN =          30 RECORDS.)
           (TOTAL DATA WRITTEN FOR DATA BLOCK =        1053 WORDS.)
 *** USER INFORMATION MESSAGE 4110 (OUTPX2)
                                 END-OF-DATA SIMULATION ON FORTRAN UNIT 12
                                 (MAXIMUM SIZE OF FORTRAN RECORDS WRITTEN =      1 WORDS.)
                                       (NUMBER OF FORTRAN RECORDS WRITTEN =      1 RECORDS.)
                                       (TOTAL DATA WRITTEN FOR EOF MARKER =      1 WORDS.)
1                                                                               MAY   4, 2014  MSC Nastran  5/30/13   PAGE    16
                                                                                                                                    
0                                                                                                                                   
 * * * *  D B D I C T   P R I N T  * * * *      SUBDMAP = PRTSUM  ,  DMAP STATEMENT NO.     41



0                                   * * * *  A N A L Y S I S  S U M M A R Y  T A B L E  * * * *
0 SEID  PEID PROJ VERS APRCH      SEMG SEMR SEKR SELG SELR MODES DYNRED SOLLIN PVALID SOLNL LOOPID DESIGN CYCLE SENSITIVITY
 --------------------------------------------------------------------------------------------------------------------------
     0     0    1    1 '        '    T    T    T    T    T     F      F      T      0     F     -1            0           F
0SEID = SUPERELEMENT ID.
 PEID = PRIMARY SUPERELEMENT ID OF IMAGE SUPERELEMENT.
 PROJ = PROJECT ID NUMBER.
 VERS = VERSION ID.
 APRCH = BLANK FOR STRUCTURAL ANALYSIS.  HEAT FOR HEAT TRANSFER ANALYSIS.
 SEMG = STIFFNESS AND MASS MATRIX GENERATION STEP.
 SEMR = MASS MATRIX REDUCTION STEP (INCLUDES EIGENVALUE SOLUTION FOR MODES).
 SEKR = STIFFNESS MATRIX REDUCTION STEP.
 SELG = LOAD MATRIX GENERATION STEP.
 SELR = LOAD MATRIX REDUCTION STEP. 
 MODES = T (TRUE) IF NORMAL MODES OR BUCKLING MODES CALCULATED.
 DYNRED = T (TRUE) MEANS GENERALIZED DYNAMIC AND/OR COMPONENT MODE REDUCTION PERFORMED.
 SOLLIN = T (TRUE) IF LINEAR SOLUTION EXISTS IN DATABASE.
 PVALID = P-DISTRIBUTION ID OF P-VALUE FOR P-ELEMENTS
 LOOPID = THE LAST LOOPID VALUE USED IN THE NONLINEAR ANALYSIS.  USEFUL FOR RESTARTS.
 SOLNL = T (TRUE) IF NONLINEAR SOLUTION EXISTS IN DATABASE.
 DESIGN CYCLE = THE LAST DESIGN CYCLE (ONLY VALID IN OPTIMIZATION).
 SENSITIVITY = SENSITIVITY MATRIX GENERATION FLAG.
 
 No PARAM values were set in the Control File.
 
1                                        * * * END OF JOB * * *
 
 
 No Symbolic Replacement variables or values were specified.

